# JRE version: Java(TM) SE Runtime Environment (8.0_66-b18) (build 1.8.0_66-b18)
# Java VM: Java HotSpot(TM) 64-Bit Server VM (25.66-b18 mixed mode windows-amd64 compressed oops)
Heap:
 PSYoungGen      total 114688K, used 43383K [0x00000000f5580000, 0x00000000fc680000, 0x0000000100000000)
  eden space 113664K, 38% used [0x00000000f5580000,0x00000000f7fddda0,0x00000000fc480000)
  from space 1024K, 0% used [0x00000000fc480000,0x00000000fc480000,0x00000000fc580000)
  to   space 1024K, 0% used [0x00000000fc580000,0x00000000fc580000,0x00000000fc680000)
 ParOldGen       total 122368K, used 46929K [0x00000000e0000000, 0x00000000e7780000, 0x00000000f5580000)
  object space 122368K, 38% used [0x00000000e0000000,0x00000000e2dd4520,0x00000000e7780000)
 Metaspace       used 86535K, capacity 93946K, committed 94120K, reserved 1130496K
  class space    used 10348K, capacity 12672K, committed 12720K, reserved 1048576K
GC Heap History (10 events):
Event: 58789.207 GC heap before
{Heap before GC invocations=1954 (full 973):
 PSYoungGen      total 114688K, used 160K [0x00000000f5580000, 0x00000000fc680000, 0x0000000100000000)
  eden space 113664K, 0% used [0x00000000f5580000,0x00000000f5580000,0x00000000fc480000)
  from space 1024K, 15% used [0x00000000fc480000,0x00000000fc4a8000,0x00000000fc580000)
  to   space 1024K, 0% used [0x00000000fc580000,0x00000000fc580000,0x00000000fc680000)
 ParOldGen       total 122368K, used 46929K [0x00000000e0000000, 0x00000000e7780000, 0x00000000f5580000)
  object space 122368K, 38% used [0x00000000e0000000,0x00000000e2dd4740,0x00000000e7780000)
 Metaspace       used 85909K, capacity 93424K, committed 93864K, reserved 1130496K
  class space    used 10284K, capacity 12607K, committed 12720K, reserved 1048576K
Event: 58789.323 GC heap after
Heap after GC invocations=1954 (full 973):
 PSYoungGen      total 114688K, used 0K [0x00000000f5580000, 0x00000000fc680000, 0x0000000100000000)
  eden space 113664K, 0% used [0x00000000f5580000,0x00000000f5580000,0x00000000fc480000)
  from space 1024K, 0% used [0x00000000fc480000,0x00000000fc480000,0x00000000fc580000)
  to   space 1024K, 0% used [0x00000000fc580000,0x00000000fc580000,0x00000000fc680000)
 ParOldGen       total 122368K, used 46929K [0x00000000e0000000, 0x00000000e7780000, 0x00000000f5580000)
  object space 122368K, 38% used [0x00000000e0000000,0x00000000e2dd4520,0x00000000e7780000)
 Metaspace       used 85909K, capacity 93424K, committed 93864K, reserved 1130496K
  class space    used 10284K, capacity 12607K, committed 12720K, reserved 1048576K
}
Event: 58849.213 GC heap before
{Heap before GC invocations=1955 (full 973):
 PSYoungGen      total 114688K, used 3937K [0x00000000f5580000, 0x00000000fc680000, 0x0000000100000000)
  eden space 113664K, 3% used [0x00000000f5580000,0x00000000f5958488,0x00000000fc480000)
  from space 1024K, 0% used [0x00000000fc480000,0x00000000fc480000,0x00000000fc580000)
  to   space 1024K, 0% used [0x00000000fc580000,0x00000000fc580000,0x00000000fc680000)
 ParOldGen       total 122368K, used 46929K [0x00000000e0000000, 0x00000000e7780000, 0x00000000f5580000)
  object space 122368K, 38% used [0x00000000e0000000,0x00000000e2dd4520,0x00000000e7780000)
 Metaspace       used 85909K, capacity 93424K, committed 93864K, reserved 1130496K
  class space    used 10284K, capacity 12607K, committed 12720K, reserved 1048576K
Event: 58849.217 GC heap after
Heap after GC invocations=1955 (full 973):
 PSYoungGen      total 114688K, used 128K [0x00000000f5580000, 0x00000000fc680000, 0x0000000100000000)
  eden space 113664K, 0% used [0x00000000f5580000,0x00000000f5580000,0x00000000fc480000)
  from space 1024K, 12% used [0x00000000fc580000,0x00000000fc5a0000,0x00000000fc680000)
  to   space 1024K, 0% used [0x00000000fc480000,0x00000000fc480000,0x00000000fc580000)
 ParOldGen       total 122368K, used 46929K [0x00000000e0000000, 0x00000000e7780000, 0x00000000f5580000)
  object space 122368K, 38% used [0x00000000e0000000,0x00000000e2dd4520,0x00000000e7780000)
 Metaspace       used 85909K, capacity 93424K, committed 93864K, reserved 1130496K
  class space    used 10284K, capacity 12607K, committed 12720K, reserved 1048576K
}
Event: 58849.217 GC heap before
{Heap before GC invocations=1956 (full 974):
 PSYoungGen      total 114688K, used 128K [0x00000000f5580000, 0x00000000fc680000, 0x0000000100000000)
  eden space 113664K, 0% used [0x00000000f5580000,0x00000000f5580000,0x00000000fc480000)
  from space 1024K, 12% used [0x00000000fc580000,0x00000000fc5a0000,0x00000000fc680000)
  to   space 1024K, 0% used [0x00000000fc480000,0x00000000fc480000,0x00000000fc580000)
 ParOldGen       total 122368K, used 46929K [0x00000000e0000000, 0x00000000e7780000, 0x00000000f5580000)
  object space 122368K, 38% used [0x00000000e0000000,0x00000000e2dd4520,0x00000000e7780000)
 Metaspace       used 85909K, capacity 93424K, committed 93864K, reserved 1130496K
  class space    used 10284K, capacity 12607K, committed 12720K, reserved 1048576K
Event: 58849.340 GC heap after
Heap after GC invocations=1956 (full 974):
 PSYoungGen      total 114688K, used 0K [0x00000000f5580000, 0x00000000fc680000, 0x0000000100000000)
  eden space 113664K, 0% used [0x00000000f5580000,0x00000000f5580000,0x00000000fc480000)
  from space 1024K, 0% used [0x00000000fc580000,0x00000000fc580000,0x00000000fc680000)
  to   space 1024K, 0% used [0x00000000fc480000,0x00000000fc480000,0x00000000fc580000)
 ParOldGen       total 122368K, used 46929K [0x00000000e0000000, 0x00000000e7780000, 0x00000000f5580000)
  object space 122368K, 38% used [0x00000000e0000000,0x00000000e2dd4520,0x00000000e7780000)
 Metaspace       used 85909K, capacity 93424K, committed 93864K, reserved 1130496K
  class space    used 10284K, capacity 12607K, committed 12720K, reserved 1048576K
}
Event: 58909.224 GC heap before
{Heap before GC invocations=1957 (full 974):
 PSYoungGen      total 114688K, used 3912K [0x00000000f5580000, 0x00000000fc680000, 0x0000000100000000)
  eden space 113664K, 3% used [0x00000000f5580000,0x00000000f59523b8,0x00000000fc480000)
  from space 1024K, 0% used [0x00000000fc580000,0x00000000fc580000,0x00000000fc680000)
  to   space 1024K, 0% used [0x00000000fc480000,0x00000000fc480000,0x00000000fc580000)
 ParOldGen       total 122368K, used 46929K [0x00000000e0000000, 0x00000000e7780000, 0x00000000f5580000)
  object space 122368K, 38% used [0x00000000e0000000,0x00000000e2dd4520,0x00000000e7780000)
 Metaspace       used 85909K, capacity 93424K, committed 93864K, reserved 1130496K
  class space    used 10284K, capacity 12607K, committed 12720K, reserved 1048576K
Event: 58909.228 GC heap after
Heap after GC invocations=1957 (full 974):
 PSYoungGen      total 114688K, used 160K [0x00000000f5580000, 0x00000000fc680000, 0x0000000100000000)
  eden space 113664K, 0% used [0x00000000f5580000,0x00000000f5580000,0x00000000fc480000)
  from space 1024K, 15% used [0x00000000fc480000,0x00000000fc4a8000,0x00000000fc580000)
  to   space 1024K, 0% used [0x00000000fc580000,0x00000000fc580000,0x00000000fc680000)
 ParOldGen       total 122368K, used 46929K [0x00000000e0000000, 0x00000000e7780000, 0x00000000f5580000)
  object space 122368K, 38% used [0x00000000e0000000,0x00000000e2dd4520,0x00000000e7780000)
 Metaspace       used 85909K, capacity 93424K, committed 93864K, reserved 1130496K
  class space    used 10284K, capacity 12607K, committed 12720K, reserved 1048576K
}
Event: 58909.229 GC heap before
{Heap before GC invocations=1958 (full 975):
 PSYoungGen      total 114688K, used 160K [0x00000000f5580000, 0x00000000fc680000, 0x0000000100000000)
  eden space 113664K, 0% used [0x00000000f5580000,0x00000000f5580000,0x00000000fc480000)
  from space 1024K, 15% used [0x00000000fc480000,0x00000000fc4a8000,0x00000000fc580000)
  to   space 1024K, 0% used [0x00000000fc580000,0x00000000fc580000,0x00000000fc680000)
 ParOldGen       total 122368K, used 46929K [0x00000000e0000000, 0x00000000e7780000, 0x00000000f5580000)
  object space 122368K, 38% used [0x00000000e0000000,0x00000000e2dd4520,0x00000000e7780000)
 Metaspace       used 85909K, capacity 93424K, committed 93864K, reserved 1130496K
  class space    used 10284K, capacity 12607K, committed 12720K, reserved 1048576K
Event: 58909.348 GC heap after
Heap after GC invocations=1958 (full 975):
 PSYoungGen      total 114688K, used 0K [0x00000000f5580000, 0x00000000fc680000, 0x0000000100000000)
  eden space 113664K, 0% used [0x00000000f5580000,0x00000000f5580000,0x00000000fc480000)
  from space 1024K, 0% used [0x00000000fc480000,0x00000000fc480000,0x00000000fc580000)
  to   space 1024K, 0% used [0x00000000fc580000,0x00000000fc580000,0x00000000fc680000)
 ParOldGen       total 122368K, used 46929K [0x00000000e0000000, 0x00000000e7780000, 0x00000000f5580000)
  object space 122368K, 38% used [0x00000000e0000000,0x00000000e2dd4520,0x00000000e7780000)
 Metaspace       used 85909K, capacity 93424K, committed 93864K, reserved 1130496K
  class space    used 10284K, capacity 12607K, committed 12720K, reserved 1048576K
}

