# JRE version: Java(TM) SE Runtime Environment (8.0_66-b18) (build 1.8.0_66-b18)
# Java VM: Java HotSpot(TM) 64-Bit Server VM (25.66-b18 mixed mode windows-amd64 compressed oops)
Heap:
 PSYoungGen      total 143360K, used 38940K [0x00000000f5580000, 0x0000000100000000, 0x0000000100000000)
  eden space 112128K, 34% used [0x00000000f5580000,0x00000000f7b87120,0x00000000fc300000)
  from space 31232K, 0% used [0x00000000fc300000,0x00000000fc300000,0x00000000fe180000)
  to   space 30720K, 0% used [0x00000000fe200000,0x00000000fe200000,0x0000000100000000)
 ParOldGen       total 118272K, used 59151K [0x00000000e0000000, 0x00000000e7380000, 0x00000000f5580000)
  object space 118272K, 50% used [0x00000000e0000000,0x00000000e39c3f90,0x00000000e7380000)
 Metaspace       used 81710K, capacity 88568K, committed 88832K, reserved 1126400K
  class space    used 9852K, capacity 12170K, committed 12288K, reserved 1048576K
GC Heap History (10 events):
Event: 8.690 GC heap before
{Heap before GC invocations=12 (full 3):
 PSYoungGen      total 146944K, used 120320K [0x00000000f5580000, 0x0000000100000000, 0x0000000100000000)
  eden space 120320K, 100% used [0x00000000f5580000,0x00000000fcb00000,0x00000000fcb00000)
  from space 26624K, 0% used [0x00000000fe600000,0x00000000fe600000,0x0000000100000000)
  to   space 27136K, 0% used [0x00000000fcb00000,0x00000000fcb00000,0x00000000fe580000)
 ParOldGen       total 118272K, used 42133K [0x00000000e0000000, 0x00000000e7380000, 0x00000000f5580000)
  object space 118272K, 35% used [0x00000000e0000000,0x00000000e29254e0,0x00000000e7380000)
 Metaspace       used 68788K, capacity 74242K, committed 74368K, reserved 1114112K
  class space    used 8323K, capacity 10110K, committed 10112K, reserved 1048576K
Event: 8.713 GC heap after
Heap after GC invocations=12 (full 3):
 PSYoungGen      total 143360K, used 22611K [0x00000000f5580000, 0x0000000100000000, 0x0000000100000000)
  eden space 120320K, 0% used [0x00000000f5580000,0x00000000f5580000,0x00000000fcb00000)
  from space 23040K, 98% used [0x00000000fcb00000,0x00000000fe114d58,0x00000000fe180000)
  to   space 29696K, 0% used [0x00000000fe300000,0x00000000fe300000,0x0000000100000000)
 ParOldGen       total 118272K, used 42141K [0x00000000e0000000, 0x00000000e7380000, 0x00000000f5580000)
  object space 118272K, 35% used [0x00000000e0000000,0x00000000e29274e0,0x00000000e7380000)
 Metaspace       used 68788K, capacity 74242K, committed 74368K, reserved 1114112K
  class space    used 8323K, capacity 10110K, committed 10112K, reserved 1048576K
}
Event: 62.632 GC heap before
{Heap before GC invocations=13 (full 3):
 PSYoungGen      total 143360K, used 88648K [0x00000000f5580000, 0x0000000100000000, 0x0000000100000000)
  eden space 120320K, 54% used [0x00000000f5580000,0x00000000f95fd318,0x00000000fcb00000)
  from space 23040K, 98% used [0x00000000fcb00000,0x00000000fe114d58,0x00000000fe180000)
  to   space 29696K, 0% used [0x00000000fe300000,0x00000000fe300000,0x0000000100000000)
 ParOldGen       total 118272K, used 42141K [0x00000000e0000000, 0x00000000e7380000, 0x00000000f5580000)
  object space 118272K, 35% used [0x00000000e0000000,0x00000000e29274e0,0x00000000e7380000)
 Metaspace       used 75665K, capacity 82052K, committed 82304K, reserved 1120256K
  class space    used 9180K, capacity 11304K, committed 11392K, reserved 1048576K
Event: 62.651 GC heap after
Heap after GC invocations=13 (full 3):
 PSYoungGen      total 141824K, used 20894K [0x00000000f5580000, 0x0000000100000000, 0x0000000100000000)
  eden space 112128K, 0% used [0x00000000f5580000,0x00000000f5580000,0x00000000fc300000)
  from space 29696K, 70% used [0x00000000fe300000,0x00000000ff767908,0x0000000100000000)
  to   space 31232K, 0% used [0x00000000fc300000,0x00000000fc300000,0x00000000fe180000)
 ParOldGen       total 118272K, used 42149K [0x00000000e0000000, 0x00000000e7380000, 0x00000000f5580000)
  object space 118272K, 35% used [0x00000000e0000000,0x00000000e29294e0,0x00000000e7380000)
 Metaspace       used 75665K, capacity 82052K, committed 82304K, reserved 1120256K
  class space    used 9180K, capacity 11304K, committed 11392K, reserved 1048576K
}
Event: 62.651 GC heap before
{Heap before GC invocations=14 (full 4):
 PSYoungGen      total 141824K, used 20894K [0x00000000f5580000, 0x0000000100000000, 0x0000000100000000)
  eden space 112128K, 0% used [0x00000000f5580000,0x00000000f5580000,0x00000000fc300000)
  from space 29696K, 70% used [0x00000000fe300000,0x00000000ff767908,0x0000000100000000)
  to   space 31232K, 0% used [0x00000000fc300000,0x00000000fc300000,0x00000000fe180000)
 ParOldGen       total 118272K, used 42149K [0x00000000e0000000, 0x00000000e7380000, 0x00000000f5580000)
  object space 118272K, 35% used [0x00000000e0000000,0x00000000e29294e0,0x00000000e7380000)
 Metaspace       used 75665K, capacity 82052K, committed 82304K, reserved 1120256K
  class space    used 9180K, capacity 11304K, committed 11392K, reserved 1048576K
Event: 63.002 GC heap after
Heap after GC invocations=14 (full 4):
 PSYoungGen      total 141824K, used 0K [0x00000000f5580000, 0x0000000100000000, 0x0000000100000000)
  eden space 112128K, 0% used [0x00000000f5580000,0x00000000f5580000,0x00000000fc300000)
  from space 29696K, 0% used [0x00000000fe300000,0x00000000fe300000,0x0000000100000000)
  to   space 31232K, 0% used [0x00000000fc300000,0x00000000fc300000,0x00000000fe180000)
 ParOldGen       total 118272K, used 58584K [0x00000000e0000000, 0x00000000e7380000, 0x00000000f5580000)
  object space 118272K, 49% used [0x00000000e0000000,0x00000000e39363a0,0x00000000e7380000)
 Metaspace       used 75665K, capacity 82052K, committed 82304K, reserved 1120256K
  class space    used 9180K, capacity 11304K, committed 11392K, reserved 1048576K
}
Event: 137.009 GC heap before
{Heap before GC invocations=15 (full 4):
 PSYoungGen      total 141824K, used 97724K [0x00000000f5580000, 0x0000000100000000, 0x0000000100000000)
  eden space 112128K, 87% used [0x00000000f5580000,0x00000000fb4ef2f0,0x00000000fc300000)
  from space 29696K, 0% used [0x00000000fe300000,0x00000000fe300000,0x0000000100000000)
  to   space 31232K, 0% used [0x00000000fc300000,0x00000000fc300000,0x00000000fe180000)
 ParOldGen       total 118272K, used 58584K [0x00000000e0000000, 0x00000000e7380000, 0x00000000f5580000)
  object space 118272K, 49% used [0x00000000e0000000,0x00000000e39363a0,0x00000000e7380000)
 Metaspace       used 80235K, capacity 86996K, committed 87040K, reserved 1124352K
  class space    used 9693K, capacity 12010K, committed 12032K, reserved 1048576K
Event: 137.018 GC heap after
Heap after GC invocations=15 (full 4):
 PSYoungGen      total 143360K, used 6131K [0x00000000f5580000, 0x0000000100000000, 0x0000000100000000)
  eden space 112128K, 0% used [0x00000000f5580000,0x00000000f5580000,0x00000000fc300000)
  from space 31232K, 19% used [0x00000000fc300000,0x00000000fc8fcee8,0x00000000fe180000)
  to   space 30720K, 0% used [0x00000000fe200000,0x00000000fe200000,0x0000000100000000)
 ParOldGen       total 118272K, used 58592K [0x00000000e0000000, 0x00000000e7380000, 0x00000000f5580000)
  object space 118272K, 49% used [0x00000000e0000000,0x00000000e39383a0,0x00000000e7380000)
 Metaspace       used 80235K, capacity 86996K, committed 87040K, reserved 1124352K
  class space    used 9693K, capacity 12010K, committed 12032K, reserved 1048576K
}
Event: 137.018 GC heap before
{Heap before GC invocations=16 (full 5):
 PSYoungGen      total 143360K, used 6131K [0x00000000f5580000, 0x0000000100000000, 0x0000000100000000)
  eden space 112128K, 0% used [0x00000000f5580000,0x00000000f5580000,0x00000000fc300000)
  from space 31232K, 19% used [0x00000000fc300000,0x00000000fc8fcee8,0x00000000fe180000)
  to   space 30720K, 0% used [0x00000000fe200000,0x00000000fe200000,0x0000000100000000)
 ParOldGen       total 118272K, used 58592K [0x00000000e0000000, 0x00000000e7380000, 0x00000000f5580000)
  object space 118272K, 49% used [0x00000000e0000000,0x00000000e39383a0,0x00000000e7380000)
 Metaspace       used 80235K, capacity 86996K, committed 87040K, reserved 1124352K
  class space    used 9693K, capacity 12010K, committed 12032K, reserved 1048576K
Event: 137.392 GC heap after
Heap after GC invocations=16 (full 5):
 PSYoungGen      total 143360K, used 0K [0x00000000f5580000, 0x0000000100000000, 0x0000000100000000)
  eden space 112128K, 0% used [0x00000000f5580000,0x00000000f5580000,0x00000000fc300000)
  from space 31232K, 0% used [0x00000000fc300000,0x00000000fc300000,0x00000000fe180000)
  to   space 30720K, 0% used [0x00000000fe200000,0x00000000fe200000,0x0000000100000000)
 ParOldGen       total 118272K, used 59151K [0x00000000e0000000, 0x00000000e7380000, 0x00000000f5580000)
  object space 118272K, 50% used [0x00000000e0000000,0x00000000e39c3f90,0x00000000e7380000)
 Metaspace       used 80235K, capacity 86996K, committed 87040K, reserved 1124352K
  class space    used 9693K, capacity 12010K, committed 12032K, reserved 1048576K
}

