# JRE version: Java(TM) SE Runtime Environment (8.0_66-b18) (build 1.8.0_66-b18)
# Java VM: Java HotSpot(TM) 64-Bit Server VM (25.66-b18 mixed mode windows-amd64 compressed oops)
Heap:
 PSYoungGen      total 132608K, used 23206K [0x00000000f5580000, 0x0000000100000000, 0x0000000100000000)
  eden space 90624K, 21% used [0x00000000f5580000,0x00000000f68aecf8,0x00000000fae00000)
  from space 41984K, 8% used [0x00000000fd600000,0x00000000fd97ab58,0x00000000fff00000)
  to   space 40960K, 0% used [0x00000000fae00000,0x00000000fae00000,0x00000000fd600000)
 ParOldGen       total 116224K, used 65846K [0x00000000e0000000, 0x00000000e7180000, 0x00000000f5580000)
  object space 116224K, 56% used [0x00000000e0000000,0x00000000e404db40,0x00000000e7180000)
 Metaspace       used 89332K, capacity 96524K, committed 96792K, reserved 1132544K
  class space    used 10607K, capacity 13040K, committed 13088K, reserved 1048576K
GC Heap History (10 events):
Event: 130.114 GC heap before
{Heap before GC invocations=20 (full 5):
 PSYoungGen      total 92672K, used 1656K [0x00000000f5580000, 0x0000000100000000, 0x0000000100000000)
  eden space 90624K, 0% used [0x00000000f5580000,0x00000000f5580000,0x00000000fae00000)
  from space 2048K, 80% used [0x00000000fae00000,0x00000000faf9e0c0,0x00000000fb000000)
  to   space 42496K, 0% used [0x00000000fd680000,0x00000000fd680000,0x0000000100000000)
 ParOldGen       total 116224K, used 61644K [0x00000000e0000000, 0x00000000e7180000, 0x00000000f5580000)
  object space 116224K, 53% used [0x00000000e0000000,0x00000000e3c33368,0x00000000e7180000)
 Metaspace       used 82353K, capacity 88374K, committed 88472K, reserved 1126400K
  class space    used 9792K, capacity 11870K, committed 11936K, reserved 1048576K
Event: 130.478 GC heap after
Heap after GC invocations=20 (full 5):
 PSYoungGen      total 92672K, used 0K [0x00000000f5580000, 0x0000000100000000, 0x0000000100000000)
  eden space 90624K, 0% used [0x00000000f5580000,0x00000000f5580000,0x00000000fae00000)
  from space 2048K, 0% used [0x00000000fae00000,0x00000000fae00000,0x00000000fb000000)
  to   space 42496K, 0% used [0x00000000fd680000,0x00000000fd680000,0x0000000100000000)
 ParOldGen       total 116224K, used 62857K [0x00000000e0000000, 0x00000000e7180000, 0x00000000f5580000)
  object space 116224K, 54% used [0x00000000e0000000,0x00000000e3d62760,0x00000000e7180000)
 Metaspace       used 82353K, capacity 88374K, committed 88472K, reserved 1126400K
  class space    used 9792K, capacity 11870K, committed 11936K, reserved 1048576K
}
Event: 200.434 GC heap before
{Heap before GC invocations=21 (full 5):
 PSYoungGen      total 92672K, used 37157K [0x00000000f5580000, 0x0000000100000000, 0x0000000100000000)
  eden space 90624K, 41% used [0x00000000f5580000,0x00000000f79c9638,0x00000000fae00000)
  from space 2048K, 0% used [0x00000000fae00000,0x00000000fae00000,0x00000000fb000000)
  to   space 42496K, 0% used [0x00000000fd680000,0x00000000fd680000,0x0000000100000000)
 ParOldGen       total 116224K, used 62857K [0x00000000e0000000, 0x00000000e7180000, 0x00000000f5580000)
  object space 116224K, 54% used [0x00000000e0000000,0x00000000e3d62760,0x00000000e7180000)
 Metaspace       used 85140K, capacity 91784K, committed 92056K, reserved 1128448K
  class space    used 10156K, capacity 12430K, committed 12448K, reserved 1048576K
Event: 200.448 GC heap after
Heap after GC invocations=21 (full 5):
 PSYoungGen      total 132096K, used 3695K [0x00000000f5580000, 0x0000000100000000, 0x0000000100000000)
  eden space 89600K, 0% used [0x00000000f5580000,0x00000000f5580000,0x00000000fad00000)
  from space 42496K, 8% used [0x00000000fd680000,0x00000000fda1be78,0x0000000100000000)
  to   space 42496K, 0% used [0x00000000fad00000,0x00000000fad00000,0x00000000fd680000)
 ParOldGen       total 116224K, used 62865K [0x00000000e0000000, 0x00000000e7180000, 0x00000000f5580000)
  object space 116224K, 54% used [0x00000000e0000000,0x00000000e3d64760,0x00000000e7180000)
 Metaspace       used 85140K, capacity 91784K, committed 92056K, reserved 1128448K
  class space    used 10156K, capacity 12430K, committed 12448K, reserved 1048576K
}
Event: 200.448 GC heap before
{Heap before GC invocations=22 (full 6):
 PSYoungGen      total 132096K, used 3695K [0x00000000f5580000, 0x0000000100000000, 0x0000000100000000)
  eden space 89600K, 0% used [0x00000000f5580000,0x00000000f5580000,0x00000000fad00000)
  from space 42496K, 8% used [0x00000000fd680000,0x00000000fda1be78,0x0000000100000000)
  to   space 42496K, 0% used [0x00000000fad00000,0x00000000fad00000,0x00000000fd680000)
 ParOldGen       total 116224K, used 62865K [0x00000000e0000000, 0x00000000e7180000, 0x00000000f5580000)
  object space 116224K, 54% used [0x00000000e0000000,0x00000000e3d64760,0x00000000e7180000)
 Metaspace       used 85140K, capacity 91784K, committed 92056K, reserved 1128448K
  class space    used 10156K, capacity 12430K, committed 12448K, reserved 1048576K
Event: 200.811 GC heap after
Heap after GC invocations=22 (full 6):
 PSYoungGen      total 132096K, used 0K [0x00000000f5580000, 0x0000000100000000, 0x0000000100000000)
  eden space 89600K, 0% used [0x00000000f5580000,0x00000000f5580000,0x00000000fad00000)
  from space 42496K, 0% used [0x00000000fd680000,0x00000000fd680000,0x0000000100000000)
  to   space 42496K, 0% used [0x00000000fad00000,0x00000000fad00000,0x00000000fd680000)
 ParOldGen       total 116224K, used 65830K [0x00000000e0000000, 0x00000000e7180000, 0x00000000f5580000)
  object space 116224K, 56% used [0x00000000e0000000,0x00000000e4049b40,0x00000000e7180000)
 Metaspace       used 85140K, capacity 91784K, committed 92056K, reserved 1128448K
  class space    used 10156K, capacity 12430K, committed 12448K, reserved 1048576K
}
Event: 265.004 GC heap before
{Heap before GC invocations=23 (full 6):
 PSYoungGen      total 132096K, used 89600K [0x00000000f5580000, 0x0000000100000000, 0x0000000100000000)
  eden space 89600K, 100% used [0x00000000f5580000,0x00000000fad00000,0x00000000fad00000)
  from space 42496K, 0% used [0x00000000fd680000,0x00000000fd680000,0x0000000100000000)
  to   space 42496K, 0% used [0x00000000fad00000,0x00000000fad00000,0x00000000fd680000)
 ParOldGen       total 116224K, used 65830K [0x00000000e0000000, 0x00000000e7180000, 0x00000000f5580000)
  object space 116224K, 56% used [0x00000000e0000000,0x00000000e4049b40,0x00000000e7180000)
 Metaspace       used 86868K, capacity 93810K, committed 94104K, reserved 1130496K
  class space    used 10332K, capacity 12657K, committed 12704K, reserved 1048576K
Event: 265.010 GC heap after
Heap after GC invocations=23 (full 6):
 PSYoungGen      total 93184K, used 3306K [0x00000000f5580000, 0x00000000fff00000, 0x0000000100000000)
  eden space 89600K, 0% used [0x00000000f5580000,0x00000000f5580000,0x00000000fad00000)
  from space 3584K, 92% used [0x00000000fad00000,0x00000000fb03a988,0x00000000fb080000)
  to   space 41984K, 0% used [0x00000000fd600000,0x00000000fd600000,0x00000000fff00000)
 ParOldGen       total 116224K, used 65838K [0x00000000e0000000, 0x00000000e7180000, 0x00000000f5580000)
  object space 116224K, 56% used [0x00000000e0000000,0x00000000e404bb40,0x00000000e7180000)
 Metaspace       used 86868K, capacity 93810K, committed 94104K, reserved 1130496K
  class space    used 10332K, capacity 12657K, committed 12704K, reserved 1048576K
}
Event: 298.150 GC heap before
{Heap before GC invocations=24 (full 6):
 PSYoungGen      total 93184K, used 92906K [0x00000000f5580000, 0x00000000fff00000, 0x0000000100000000)
  eden space 89600K, 100% used [0x00000000f5580000,0x00000000fad00000,0x00000000fad00000)
  from space 3584K, 92% used [0x00000000fad00000,0x00000000fb03a988,0x00000000fb080000)
  to   space 41984K, 0% used [0x00000000fd600000,0x00000000fd600000,0x00000000fff00000)
 ParOldGen       total 116224K, used 65838K [0x00000000e0000000, 0x00000000e7180000, 0x00000000f5580000)
  object space 116224K, 56% used [0x00000000e0000000,0x00000000e404bb40,0x00000000e7180000)
 Metaspace       used 88476K, capacity 95844K, committed 96024K, reserved 1132544K
  class space    used 10525K, capacity 13008K, committed 13088K, reserved 1048576K
Event: 298.163 GC heap after
Heap after GC invocations=24 (full 6):
 PSYoungGen      total 132608K, used 3562K [0x00000000f5580000, 0x0000000100000000, 0x0000000100000000)
  eden space 90624K, 0% used [0x00000000f5580000,0x00000000f5580000,0x00000000fae00000)
  from space 41984K, 8% used [0x00000000fd600000,0x00000000fd97ab58,0x00000000fff00000)
  to   space 40960K, 0% used [0x00000000fae00000,0x00000000fae00000,0x00000000fd600000)
 ParOldGen       total 116224K, used 65846K [0x00000000e0000000, 0x00000000e7180000, 0x00000000f5580000)
  object space 116224K, 56% used [0x00000000e0000000,0x00000000e404db40,0x00000000e7180000)
 Metaspace       used 88476K, capacity 95844K, committed 96024K, reserved 1132544K
  class space    used 10525K, capacity 13008K, committed 13088K, reserved 1048576K
}

