# JRE version: Java(TM) SE Runtime Environment (8.0_66-b18) (build 1.8.0_66-b18)
# Java VM: Java HotSpot(TM) 64-Bit Server VM (25.66-b18 mixed mode windows-amd64 compressed oops)
Heap:
 PSYoungGen      total 141312K, used 50941K [0x00000000f5580000, 0x0000000100000000, 0x0000000100000000)
  eden space 109056K, 45% used [0x00000000f5580000,0x00000000f8577fb8,0x00000000fc000000)
  from space 32256K, 5% used [0x00000000fe080000,0x00000000fe247780,0x0000000100000000)
  to   space 32768K, 0% used [0x00000000fc000000,0x00000000fc000000,0x00000000fe000000)
 ParOldGen       total 119296K, used 55752K [0x00000000e0000000, 0x00000000e7480000, 0x00000000f5580000)
  object space 119296K, 46% used [0x00000000e0000000,0x00000000e3672340,0x00000000e7480000)
 Metaspace       used 81802K, capacity 88588K, committed 88872K, reserved 1126400K
  class space    used 9791K, capacity 12069K, committed 12080K, reserved 1048576K
GC Heap History (10 events):
Event: 9.563 GC heap before
{Heap before GC invocations=12 (full 3):
 PSYoungGen      total 146944K, used 120320K [0x00000000f5580000, 0x0000000100000000, 0x0000000100000000)
  eden space 120320K, 100% used [0x00000000f5580000,0x00000000fcb00000,0x00000000fcb00000)
  from space 26624K, 0% used [0x00000000fe600000,0x00000000fe600000,0x0000000100000000)
  to   space 27136K, 0% used [0x00000000fcb00000,0x00000000fcb00000,0x00000000fe580000)
 ParOldGen       total 119296K, used 42551K [0x00000000e0000000, 0x00000000e7480000, 0x00000000f5580000)
  object space 119296K, 35% used [0x00000000e0000000,0x00000000e298dee8,0x00000000e7480000)
 Metaspace       used 70079K, capacity 75776K, committed 75944K, reserved 1114112K
  class space    used 8507K, capacity 10409K, committed 10416K, reserved 1048576K
Event: 9.602 GC heap after
Heap after GC invocations=12 (full 3):
 PSYoungGen      total 144896K, used 24333K [0x00000000f5580000, 0x0000000100000000, 0x0000000100000000)
  eden space 120320K, 0% used [0x00000000f5580000,0x00000000f5580000,0x00000000fcb00000)
  from space 24576K, 99% used [0x00000000fcb00000,0x00000000fe2c3568,0x00000000fe300000)
  to   space 29696K, 0% used [0x00000000fe300000,0x00000000fe300000,0x0000000100000000)
 ParOldGen       total 119296K, used 42559K [0x00000000e0000000, 0x00000000e7480000, 0x00000000f5580000)
  object space 119296K, 35% used [0x00000000e0000000,0x00000000e298fee8,0x00000000e7480000)
 Metaspace       used 70079K, capacity 75776K, committed 75944K, reserved 1114112K
  class space    used 8507K, capacity 10409K, committed 10416K, reserved 1048576K
}
Event: 65.822 GC heap before
{Heap before GC invocations=13 (full 3):
 PSYoungGen      total 144896K, used 144653K [0x00000000f5580000, 0x0000000100000000, 0x0000000100000000)
  eden space 120320K, 100% used [0x00000000f5580000,0x00000000fcb00000,0x00000000fcb00000)
  from space 24576K, 99% used [0x00000000fcb00000,0x00000000fe2c3568,0x00000000fe300000)
  to   space 29696K, 0% used [0x00000000fe300000,0x00000000fe300000,0x0000000100000000)
 ParOldGen       total 119296K, used 42559K [0x00000000e0000000, 0x00000000e7480000, 0x00000000f5580000)
  object space 119296K, 35% used [0x00000000e0000000,0x00000000e298fee8,0x00000000e7480000)
 Metaspace       used 79254K, capacity 85946K, committed 86184K, reserved 1124352K
  class space    used 9610K, capacity 11873K, committed 11952K, reserved 1048576K
Event: 65.844 GC heap after
Heap after GC invocations=13 (full 3):
 PSYoungGen      total 138752K, used 24386K [0x00000000f5580000, 0x0000000100000000, 0x0000000100000000)
  eden space 109056K, 0% used [0x00000000f5580000,0x00000000f5580000,0x00000000fc000000)
  from space 29696K, 82% used [0x00000000fe300000,0x00000000ffad0a90,0x0000000100000000)
  to   space 32768K, 0% used [0x00000000fc000000,0x00000000fc000000,0x00000000fe000000)
 ParOldGen       total 119296K, used 42567K [0x00000000e0000000, 0x00000000e7480000, 0x00000000f5580000)
  object space 119296K, 35% used [0x00000000e0000000,0x00000000e2991ee8,0x00000000e7480000)
 Metaspace       used 79254K, capacity 85946K, committed 86184K, reserved 1124352K
  class space    used 9610K, capacity 11873K, committed 11952K, reserved 1048576K
}
Event: 101.077 GC heap before
{Heap before GC invocations=14 (full 3):
 PSYoungGen      total 138752K, used 65491K [0x00000000f5580000, 0x0000000100000000, 0x0000000100000000)
  eden space 109056K, 37% used [0x00000000f5580000,0x00000000f7da4410,0x00000000fc000000)
  from space 29696K, 82% used [0x00000000fe300000,0x00000000ffad0a90,0x0000000100000000)
  to   space 32768K, 0% used [0x00000000fc000000,0x00000000fc000000,0x00000000fe000000)
 ParOldGen       total 119296K, used 42567K [0x00000000e0000000, 0x00000000e7480000, 0x00000000f5580000)
  object space 119296K, 35% used [0x00000000e0000000,0x00000000e2991ee8,0x00000000e7480000)
 Metaspace       used 79646K, capacity 86274K, committed 86440K, reserved 1124352K
  class space    used 9627K, capacity 11876K, committed 11952K, reserved 1048576K
Event: 101.092 GC heap after
Heap after GC invocations=14 (full 3):
 PSYoungGen      total 141824K, used 17862K [0x00000000f5580000, 0x0000000100000000, 0x0000000100000000)
  eden space 109056K, 0% used [0x00000000f5580000,0x00000000f5580000,0x00000000fc000000)
  from space 32768K, 54% used [0x00000000fc000000,0x00000000fd171828,0x00000000fe000000)
  to   space 32256K, 0% used [0x00000000fe080000,0x00000000fe080000,0x0000000100000000)
 ParOldGen       total 119296K, used 42575K [0x00000000e0000000, 0x00000000e7480000, 0x00000000f5580000)
  object space 119296K, 35% used [0x00000000e0000000,0x00000000e2993ee8,0x00000000e7480000)
 Metaspace       used 79646K, capacity 86274K, committed 86440K, reserved 1124352K
  class space    used 9627K, capacity 11876K, committed 11952K, reserved 1048576K
}
Event: 101.092 GC heap before
{Heap before GC invocations=15 (full 4):
 PSYoungGen      total 141824K, used 17862K [0x00000000f5580000, 0x0000000100000000, 0x0000000100000000)
  eden space 109056K, 0% used [0x00000000f5580000,0x00000000f5580000,0x00000000fc000000)
  from space 32768K, 54% used [0x00000000fc000000,0x00000000fd171828,0x00000000fe000000)
  to   space 32256K, 0% used [0x00000000fe080000,0x00000000fe080000,0x0000000100000000)
 ParOldGen       total 119296K, used 42575K [0x00000000e0000000, 0x00000000e7480000, 0x00000000f5580000)
  object space 119296K, 35% used [0x00000000e0000000,0x00000000e2993ee8,0x00000000e7480000)
 Metaspace       used 79646K, capacity 86274K, committed 86440K, reserved 1124352K
  class space    used 9627K, capacity 11876K, committed 11952K, reserved 1048576K
Event: 101.465 GC heap after
Heap after GC invocations=15 (full 4):
 PSYoungGen      total 141824K, used 0K [0x00000000f5580000, 0x0000000100000000, 0x0000000100000000)
  eden space 109056K, 0% used [0x00000000f5580000,0x00000000f5580000,0x00000000fc000000)
  from space 32768K, 0% used [0x00000000fc000000,0x00000000fc000000,0x00000000fe000000)
  to   space 32256K, 0% used [0x00000000fe080000,0x00000000fe080000,0x0000000100000000)
 ParOldGen       total 119296K, used 55744K [0x00000000e0000000, 0x00000000e7480000, 0x00000000f5580000)
  object space 119296K, 46% used [0x00000000e0000000,0x00000000e3670340,0x00000000e7480000)
 Metaspace       used 79646K, capacity 86274K, committed 86440K, reserved 1124352K
  class space    used 9627K, capacity 11876K, committed 11952K, reserved 1048576K
}
Event: 163.084 GC heap before
{Heap before GC invocations=16 (full 4):
 PSYoungGen      total 141824K, used 109056K [0x00000000f5580000, 0x0000000100000000, 0x0000000100000000)
  eden space 109056K, 100% used [0x00000000f5580000,0x00000000fc000000,0x00000000fc000000)
  from space 32768K, 0% used [0x00000000fc000000,0x00000000fc000000,0x00000000fe000000)
  to   space 32256K, 0% used [0x00000000fe080000,0x00000000fe080000,0x0000000100000000)
 ParOldGen       total 119296K, used 55744K [0x00000000e0000000, 0x00000000e7480000, 0x00000000f5580000)
  object space 119296K, 46% used [0x00000000e0000000,0x00000000e3670340,0x00000000e7480000)
 Metaspace       used 80492K, capacity 87176K, committed 87464K, reserved 1124352K
  class space    used 9650K, capacity 11877K, committed 11952K, reserved 1048576K
Event: 163.094 GC heap after
Heap after GC invocations=16 (full 4):
 PSYoungGen      total 141312K, used 1821K [0x00000000f5580000, 0x0000000100000000, 0x0000000100000000)
  eden space 109056K, 0% used [0x00000000f5580000,0x00000000f5580000,0x00000000fc000000)
  from space 32256K, 5% used [0x00000000fe080000,0x00000000fe247780,0x0000000100000000)
  to   space 32768K, 0% used [0x00000000fc000000,0x00000000fc000000,0x00000000fe000000)
 ParOldGen       total 119296K, used 55752K [0x00000000e0000000, 0x00000000e7480000, 0x00000000f5580000)
  object space 119296K, 46% used [0x00000000e0000000,0x00000000e3672340,0x00000000e7480000)
 Metaspace       used 80492K, capacity 87176K, committed 87464K, reserved 1124352K
  class space    used 9650K, capacity 11877K, committed 11952K, reserved 1048576K
}

