# JRE version: Java(TM) SE Runtime Environment (8.0_66-b18) (build 1.8.0_66-b18)
# Java VM: Java HotSpot(TM) 64-Bit Server VM (25.66-b18 mixed mode windows-amd64 compressed oops)
Heap:
 PSYoungGen      total 81408K, used 34502K [0x00000000f5580000, 0x00000000fa600000, 0x0000000100000000)
  eden space 80384K, 42% used [0x00000000f5580000,0x00000000f7731b60,0x00000000fa400000)
  from space 1024K, 0% used [0x00000000fa400000,0x00000000fa400000,0x00000000fa500000)
  to   space 1024K, 0% used [0x00000000fa500000,0x00000000fa500000,0x00000000fa600000)
 ParOldGen       total 117760K, used 42863K [0x00000000e0000000, 0x00000000e7300000, 0x00000000f5580000)
  object space 117760K, 36% used [0x00000000e0000000,0x00000000e29dbe58,0x00000000e7300000)
 Metaspace       used 77248K, capacity 83130K, committed 83496K, reserved 1122304K
  class space    used 9242K, capacity 11234K, committed 11312K, reserved 1048576K
GC Heap History (10 events):
Event: 108672.177 GC heap before
{Heap before GC invocations=3634 (full 1813):
 PSYoungGen      total 81408K, used 160K [0x00000000f5580000, 0x00000000fa580000, 0x0000000100000000)
  eden space 80384K, 0% used [0x00000000f5580000,0x00000000f5580000,0x00000000fa400000)
  from space 1024K, 15% used [0x00000000fa400000,0x00000000fa428000,0x00000000fa500000)
  to   space 512K, 0% used [0x00000000fa500000,0x00000000fa500000,0x00000000fa580000)
 ParOldGen       total 117760K, used 42863K [0x00000000e0000000, 0x00000000e7300000, 0x00000000f5580000)
  object space 117760K, 36% used [0x00000000e0000000,0x00000000e29dbe58,0x00000000e7300000)
 Metaspace       used 76209K, capacity 82254K, committed 82472K, reserved 1120256K
  class space    used 9129K, capacity 11199K, committed 11312K, reserved 1048576K
Event: 108672.287 GC heap after
Heap after GC invocations=3634 (full 1813):
 PSYoungGen      total 81408K, used 0K [0x00000000f5580000, 0x00000000fa580000, 0x0000000100000000)
  eden space 80384K, 0% used [0x00000000f5580000,0x00000000f5580000,0x00000000fa400000)
  from space 1024K, 0% used [0x00000000fa400000,0x00000000fa400000,0x00000000fa500000)
  to   space 512K, 0% used [0x00000000fa500000,0x00000000fa500000,0x00000000fa580000)
 ParOldGen       total 117760K, used 42863K [0x00000000e0000000, 0x00000000e7300000, 0x00000000f5580000)
  object space 117760K, 36% used [0x00000000e0000000,0x00000000e29dbe58,0x00000000e7300000)
 Metaspace       used 76209K, capacity 82254K, committed 82472K, reserved 1120256K
  class space    used 9129K, capacity 11199K, committed 11312K, reserved 1048576K
}
Event: 108732.184 GC heap before
{Heap before GC invocations=3635 (full 1813):
 PSYoungGen      total 81408K, used 8482K [0x00000000f5580000, 0x00000000fa580000, 0x0000000100000000)
  eden space 80384K, 10% used [0x00000000f5580000,0x00000000f5dc8bb0,0x00000000fa400000)
  from space 1024K, 0% used [0x00000000fa400000,0x00000000fa400000,0x00000000fa500000)
  to   space 512K, 0% used [0x00000000fa500000,0x00000000fa500000,0x00000000fa580000)
 ParOldGen       total 117760K, used 42863K [0x00000000e0000000, 0x00000000e7300000, 0x00000000f5580000)
  object space 117760K, 36% used [0x00000000e0000000,0x00000000e29dbe58,0x00000000e7300000)
 Metaspace       used 76210K, capacity 82254K, committed 82472K, reserved 1120256K
  class space    used 9129K, capacity 11199K, committed 11312K, reserved 1048576K
Event: 108732.196 GC heap after
Heap after GC invocations=3635 (full 1813):
 PSYoungGen      total 80896K, used 480K [0x00000000f5580000, 0x00000000fa600000, 0x0000000100000000)
  eden space 80384K, 0% used [0x00000000f5580000,0x00000000f5580000,0x00000000fa400000)
  from space 512K, 93% used [0x00000000fa500000,0x00000000fa578000,0x00000000fa580000)
  to   space 1024K, 0% used [0x00000000fa400000,0x00000000fa400000,0x00000000fa500000)
 ParOldGen       total 117760K, used 42863K [0x00000000e0000000, 0x00000000e7300000, 0x00000000f5580000)
  object space 117760K, 36% used [0x00000000e0000000,0x00000000e29dbe58,0x00000000e7300000)
 Metaspace       used 76210K, capacity 82254K, committed 82472K, reserved 1120256K
  class space    used 9129K, capacity 11199K, committed 11312K, reserved 1048576K
}
Event: 108732.196 GC heap before
{Heap before GC invocations=3636 (full 1814):
 PSYoungGen      total 80896K, used 480K [0x00000000f5580000, 0x00000000fa600000, 0x0000000100000000)
  eden space 80384K, 0% used [0x00000000f5580000,0x00000000f5580000,0x00000000fa400000)
  from space 512K, 93% used [0x00000000fa500000,0x00000000fa578000,0x00000000fa580000)
  to   space 1024K, 0% used [0x00000000fa400000,0x00000000fa400000,0x00000000fa500000)
 ParOldGen       total 117760K, used 42863K [0x00000000e0000000, 0x00000000e7300000, 0x00000000f5580000)
  object space 117760K, 36% used [0x00000000e0000000,0x00000000e29dbe58,0x00000000e7300000)
 Metaspace       used 76210K, capacity 82254K, committed 82472K, reserved 1120256K
  class space    used 9129K, capacity 11199K, committed 11312K, reserved 1048576K
Event: 108732.294 GC heap after
Heap after GC invocations=3636 (full 1814):
 PSYoungGen      total 80896K, used 0K [0x00000000f5580000, 0x00000000fa600000, 0x0000000100000000)
  eden space 80384K, 0% used [0x00000000f5580000,0x00000000f5580000,0x00000000fa400000)
  from space 512K, 0% used [0x00000000fa500000,0x00000000fa500000,0x00000000fa580000)
  to   space 1024K, 0% used [0x00000000fa400000,0x00000000fa400000,0x00000000fa500000)
 ParOldGen       total 117760K, used 43013K [0x00000000e0000000, 0x00000000e7300000, 0x00000000f5580000)
  object space 117760K, 36% used [0x00000000e0000000,0x00000000e2a017d0,0x00000000e7300000)
 Metaspace       used 76210K, capacity 82254K, committed 82472K, reserved 1120256K
  class space    used 9129K, capacity 11199K, committed 11312K, reserved 1048576K
}
Event: 108792.203 GC heap before
{Heap before GC invocations=3637 (full 1814):
 PSYoungGen      total 80896K, used 3055K [0x00000000f5580000, 0x00000000fa600000, 0x0000000100000000)
  eden space 80384K, 3% used [0x00000000f5580000,0x00000000f587bf28,0x00000000fa400000)
  from space 512K, 0% used [0x00000000fa500000,0x00000000fa500000,0x00000000fa580000)
  to   space 1024K, 0% used [0x00000000fa400000,0x00000000fa400000,0x00000000fa500000)
 ParOldGen       total 117760K, used 43013K [0x00000000e0000000, 0x00000000e7300000, 0x00000000f5580000)
  object space 117760K, 36% used [0x00000000e0000000,0x00000000e2a017d0,0x00000000e7300000)
 Metaspace       used 76210K, capacity 82254K, committed 82472K, reserved 1120256K
  class space    used 9129K, capacity 11199K, committed 11312K, reserved 1048576K
Event: 108792.207 GC heap after
Heap after GC invocations=3637 (full 1814):
 PSYoungGen      total 81408K, used 128K [0x00000000f5580000, 0x00000000fa600000, 0x0000000100000000)
  eden space 80384K, 0% used [0x00000000f5580000,0x00000000f5580000,0x00000000fa400000)
  from space 1024K, 12% used [0x00000000fa400000,0x00000000fa420000,0x00000000fa500000)
  to   space 1024K, 0% used [0x00000000fa500000,0x00000000fa500000,0x00000000fa600000)
 ParOldGen       total 117760K, used 43013K [0x00000000e0000000, 0x00000000e7300000, 0x00000000f5580000)
  object space 117760K, 36% used [0x00000000e0000000,0x00000000e2a017d0,0x00000000e7300000)
 Metaspace       used 76210K, capacity 82254K, committed 82472K, reserved 1120256K
  class space    used 9129K, capacity 11199K, committed 11312K, reserved 1048576K
}
Event: 108792.207 GC heap before
{Heap before GC invocations=3638 (full 1815):
 PSYoungGen      total 81408K, used 128K [0x00000000f5580000, 0x00000000fa600000, 0x0000000100000000)
  eden space 80384K, 0% used [0x00000000f5580000,0x00000000f5580000,0x00000000fa400000)
  from space 1024K, 12% used [0x00000000fa400000,0x00000000fa420000,0x00000000fa500000)
  to   space 1024K, 0% used [0x00000000fa500000,0x00000000fa500000,0x00000000fa600000)
 ParOldGen       total 117760K, used 43013K [0x00000000e0000000, 0x00000000e7300000, 0x00000000f5580000)
  object space 117760K, 36% used [0x00000000e0000000,0x00000000e2a017d0,0x00000000e7300000)
 Metaspace       used 76210K, capacity 82254K, committed 82472K, reserved 1120256K
  class space    used 9129K, capacity 11199K, committed 11312K, reserved 1048576K
Event: 108792.327 GC heap after
Heap after GC invocations=3638 (full 1815):
 PSYoungGen      total 81408K, used 0K [0x00000000f5580000, 0x00000000fa600000, 0x0000000100000000)
  eden space 80384K, 0% used [0x00000000f5580000,0x00000000f5580000,0x00000000fa400000)
  from space 1024K, 0% used [0x00000000fa400000,0x00000000fa400000,0x00000000fa500000)
  to   space 1024K, 0% used [0x00000000fa500000,0x00000000fa500000,0x00000000fa600000)
 ParOldGen       total 117760K, used 42863K [0x00000000e0000000, 0x00000000e7300000, 0x00000000f5580000)
  object space 117760K, 36% used [0x00000000e0000000,0x00000000e29dbe58,0x00000000e7300000)
 Metaspace       used 76210K, capacity 82254K, committed 82472K, reserved 1120256K
  class space    used 9129K, capacity 11199K, committed 11312K, reserved 1048576K
}

