# JRE version: Java(TM) SE Runtime Environment (8.0_66-b18) (build 1.8.0_66-b18)
# Java VM: Java HotSpot(TM) 64-Bit Server VM (25.66-b18 mixed mode windows-amd64 compressed oops)
Heap:
 PSYoungGen      total 114176K, used 28051K [0x00000000f5580000, 0x00000000fe780000, 0x0000000100000000)
  eden space 86528K, 23% used [0x00000000f5580000,0x00000000f6966530,0x00000000faa00000)
  from space 27648K, 27% used [0x00000000faa00000,0x00000000fb17e9d0,0x00000000fc500000)
  to   space 26624K, 0% used [0x00000000fcd80000,0x00000000fcd80000,0x00000000fe780000)
 ParOldGen       total 114176K, used 54650K [0x00000000e0000000, 0x00000000e6f80000, 0x00000000f5580000)
  object space 114176K, 47% used [0x00000000e0000000,0x00000000e355e838,0x00000000e6f80000)
 Metaspace       used 84236K, capacity 90260K, committed 90280K, reserved 1128448K
  class space    used 10087K, capacity 12204K, committed 12208K, reserved 1048576K
GC Heap History (10 events):
Event: 69.801 GC heap before
{Heap before GC invocations=16 (full 4):
 PSYoungGen      total 111616K, used 19017K [0x00000000f5580000, 0x00000000fdf00000, 0x0000000100000000)
  eden space 85504K, 0% used [0x00000000f5580000,0x00000000f5580000,0x00000000fa900000)
  from space 26112K, 72% used [0x00000000fc380000,0x00000000fd612578,0x00000000fdd00000)
  to   space 27136K, 0% used [0x00000000fa900000,0x00000000fa900000,0x00000000fc380000)
 ParOldGen       total 114176K, used 47171K [0x00000000e0000000, 0x00000000e6f80000, 0x00000000f5580000)
  object space 114176K, 41% used [0x00000000e0000000,0x00000000e2e10f78,0x00000000e6f80000)
 Metaspace       used 76231K, capacity 82126K, committed 82472K, reserved 1120256K
  class space    used 9221K, capacity 11228K, committed 11312K, reserved 1048576K
Event: 70.087 GC heap after
Heap after GC invocations=16 (full 4):
 PSYoungGen      total 111616K, used 0K [0x00000000f5580000, 0x00000000fdf00000, 0x0000000100000000)
  eden space 85504K, 0% used [0x00000000f5580000,0x00000000f5580000,0x00000000fa900000)
  from space 26112K, 0% used [0x00000000fc380000,0x00000000fc380000,0x00000000fdd00000)
  to   space 27136K, 0% used [0x00000000fa900000,0x00000000fa900000,0x00000000fc380000)
 ParOldGen       total 114176K, used 56965K [0x00000000e0000000, 0x00000000e6f80000, 0x00000000f5580000)
  object space 114176K, 49% used [0x00000000e0000000,0x00000000e37a1708,0x00000000e6f80000)
 Metaspace       used 76231K, capacity 82126K, committed 82472K, reserved 1120256K
  class space    used 9221K, capacity 11228K, committed 11312K, reserved 1048576K
}
Event: 137.644 GC heap before
{Heap before GC invocations=17 (full 4):
 PSYoungGen      total 111616K, used 62906K [0x00000000f5580000, 0x00000000fdf00000, 0x0000000100000000)
  eden space 85504K, 73% used [0x00000000f5580000,0x00000000f92ee8e8,0x00000000fa900000)
  from space 26112K, 0% used [0x00000000fc380000,0x00000000fc380000,0x00000000fdd00000)
  to   space 27136K, 0% used [0x00000000fa900000,0x00000000fa900000,0x00000000fc380000)
 ParOldGen       total 114176K, used 56965K [0x00000000e0000000, 0x00000000e6f80000, 0x00000000f5580000)
  object space 114176K, 49% used [0x00000000e0000000,0x00000000e37a1708,0x00000000e6f80000)
 Metaspace       used 77695K, capacity 83634K, committed 83752K, reserved 1122304K
  class space    used 9329K, capacity 11304K, committed 11312K, reserved 1048576K
Event: 137.648 GC heap after
Heap after GC invocations=17 (full 4):
 PSYoungGen      total 112640K, used 1611K [0x00000000f5580000, 0x00000000fe000000, 0x0000000100000000)
  eden space 85504K, 0% used [0x00000000f5580000,0x00000000f5580000,0x00000000fa900000)
  from space 27136K, 5% used [0x00000000fa900000,0x00000000faa92df0,0x00000000fc380000)
  to   space 27648K, 0% used [0x00000000fc500000,0x00000000fc500000,0x00000000fe000000)
 ParOldGen       total 114176K, used 56973K [0x00000000e0000000, 0x00000000e6f80000, 0x00000000f5580000)
  object space 114176K, 49% used [0x00000000e0000000,0x00000000e37a3708,0x00000000e6f80000)
 Metaspace       used 77695K, capacity 83634K, committed 83752K, reserved 1122304K
  class space    used 9329K, capacity 11304K, committed 11312K, reserved 1048576K
}
Event: 137.648 GC heap before
{Heap before GC invocations=18 (full 5):
 PSYoungGen      total 112640K, used 1611K [0x00000000f5580000, 0x00000000fe000000, 0x0000000100000000)
  eden space 85504K, 0% used [0x00000000f5580000,0x00000000f5580000,0x00000000fa900000)
  from space 27136K, 5% used [0x00000000fa900000,0x00000000faa92df0,0x00000000fc380000)
  to   space 27648K, 0% used [0x00000000fc500000,0x00000000fc500000,0x00000000fe000000)
 ParOldGen       total 114176K, used 56973K [0x00000000e0000000, 0x00000000e6f80000, 0x00000000f5580000)
  object space 114176K, 49% used [0x00000000e0000000,0x00000000e37a3708,0x00000000e6f80000)
 Metaspace       used 77695K, capacity 83634K, committed 83752K, reserved 1122304K
  class space    used 9329K, capacity 11304K, committed 11312K, reserved 1048576K
Event: 137.969 GC heap after
Heap after GC invocations=18 (full 5):
 PSYoungGen      total 112640K, used 0K [0x00000000f5580000, 0x00000000fe000000, 0x0000000100000000)
  eden space 85504K, 0% used [0x00000000f5580000,0x00000000f5580000,0x00000000fa900000)
  from space 27136K, 0% used [0x00000000fa900000,0x00000000fa900000,0x00000000fc380000)
  to   space 27648K, 0% used [0x00000000fc500000,0x00000000fc500000,0x00000000fe000000)
 ParOldGen       total 114176K, used 54634K [0x00000000e0000000, 0x00000000e6f80000, 0x00000000f5580000)
  object space 114176K, 47% used [0x00000000e0000000,0x00000000e355a838,0x00000000e6f80000)
 Metaspace       used 77695K, capacity 83634K, committed 83752K, reserved 1122304K
  class space    used 9329K, capacity 11304K, committed 11312K, reserved 1048576K
}
Event: 215.428 GC heap before
{Heap before GC invocations=19 (full 5):
 PSYoungGen      total 112640K, used 85504K [0x00000000f5580000, 0x00000000fe000000, 0x0000000100000000)
  eden space 85504K, 100% used [0x00000000f5580000,0x00000000fa900000,0x00000000fa900000)
  from space 27136K, 0% used [0x00000000fa900000,0x00000000fa900000,0x00000000fc380000)
  to   space 27648K, 0% used [0x00000000fc500000,0x00000000fc500000,0x00000000fe000000)
 ParOldGen       total 114176K, used 54634K [0x00000000e0000000, 0x00000000e6f80000, 0x00000000f5580000)
  object space 114176K, 47% used [0x00000000e0000000,0x00000000e355a838,0x00000000e6f80000)
 Metaspace       used 78825K, capacity 84860K, committed 85032K, reserved 1122304K
  class space    used 9398K, capacity 11472K, committed 11568K, reserved 1048576K
Event: 215.434 GC heap after
Heap after GC invocations=19 (full 5):
 PSYoungGen      total 114176K, used 3428K [0x00000000f5580000, 0x00000000feb00000, 0x0000000100000000)
  eden space 86528K, 0% used [0x00000000f5580000,0x00000000f5580000,0x00000000faa00000)
  from space 27648K, 12% used [0x00000000fc500000,0x00000000fc859168,0x00000000fe000000)
  to   space 27648K, 0% used [0x00000000faa00000,0x00000000faa00000,0x00000000fc500000)
 ParOldGen       total 114176K, used 54642K [0x00000000e0000000, 0x00000000e6f80000, 0x00000000f5580000)
  object space 114176K, 47% used [0x00000000e0000000,0x00000000e355c838,0x00000000e6f80000)
 Metaspace       used 78825K, capacity 84860K, committed 85032K, reserved 1122304K
  class space    used 9398K, capacity 11472K, committed 11568K, reserved 1048576K
}
Event: 241.612 GC heap before
{Heap before GC invocations=20 (full 5):
 PSYoungGen      total 114176K, used 89956K [0x00000000f5580000, 0x00000000feb00000, 0x0000000100000000)
  eden space 86528K, 100% used [0x00000000f5580000,0x00000000faa00000,0x00000000faa00000)
  from space 27648K, 12% used [0x00000000fc500000,0x00000000fc859168,0x00000000fe000000)
  to   space 27648K, 0% used [0x00000000faa00000,0x00000000faa00000,0x00000000fc500000)
 ParOldGen       total 114176K, used 54642K [0x00000000e0000000, 0x00000000e6f80000, 0x00000000f5580000)
  object space 114176K, 47% used [0x00000000e0000000,0x00000000e355c838,0x00000000e6f80000)
 Metaspace       used 83538K, capacity 89706K, committed 89768K, reserved 1126400K
  class space    used 10024K, capacity 12170K, committed 12208K, reserved 1048576K
Event: 241.626 GC heap after
Heap after GC invocations=20 (full 5):
 PSYoungGen      total 114176K, used 7674K [0x00000000f5580000, 0x00000000fe780000, 0x0000000100000000)
  eden space 86528K, 0% used [0x00000000f5580000,0x00000000f5580000,0x00000000faa00000)
  from space 27648K, 27% used [0x00000000faa00000,0x00000000fb17e9d0,0x00000000fc500000)
  to   space 26624K, 0% used [0x00000000fcd80000,0x00000000fcd80000,0x00000000fe780000)
 ParOldGen       total 114176K, used 54650K [0x00000000e0000000, 0x00000000e6f80000, 0x00000000f5580000)
  object space 114176K, 47% used [0x00000000e0000000,0x00000000e355e838,0x00000000e6f80000)
 Metaspace       used 83538K, capacity 89706K, committed 89768K, reserved 1126400K
  class space    used 10024K, capacity 12170K, committed 12208K, reserved 1048576K
}

