# JRE version: Java(TM) SE Runtime Environment (8.0_66-b18) (build 1.8.0_66-b18)
# Java VM: Java HotSpot(TM) 64-Bit Server VM (25.66-b18 mixed mode windows-amd64 compressed oops)
Heap:
 PSYoungGen      total 119808K, used 33794K [0x00000000f5580000, 0x00000000fef00000, 0x0000000100000000)
  eden space 93696K, 36% used [0x00000000f5580000,0x00000000f7680b88,0x00000000fb100000)
  from space 26112K, 0% used [0x00000000fb100000,0x00000000fb100000,0x00000000fca80000)
  to   space 26112K, 0% used [0x00000000fd580000,0x00000000fd580000,0x00000000fef00000)
 ParOldGen       total 110592K, used 54928K [0x00000000e0000000, 0x00000000e6c00000, 0x00000000f5580000)
  object space 110592K, 49% used [0x00000000e0000000,0x00000000e35a43e0,0x00000000e6c00000)
 Metaspace       used 80078K, capacity 86170K, committed 86312K, reserved 1124352K
  class space    used 9478K, capacity 11503K, committed 11568K, reserved 1048576K
GC Heap History (10 events):
Event: 137.798 GC heap before
{Heap before GC invocations=17 (full 4):
 PSYoungGen      total 118272K, used 45557K [0x00000000f5580000, 0x00000000fe300000, 0x0000000100000000)
  eden space 93696K, 48% used [0x00000000f5580000,0x00000000f81fd528,0x00000000fb100000)
  from space 24576K, 0% used [0x00000000fcb00000,0x00000000fcb00000,0x00000000fe300000)
  to   space 25600K, 0% used [0x00000000fb100000,0x00000000fb100000,0x00000000fca00000)
 ParOldGen       total 110592K, used 55371K [0x00000000e0000000, 0x00000000e6c00000, 0x00000000f5580000)
  object space 110592K, 50% used [0x00000000e0000000,0x00000000e3612c20,0x00000000e6c00000)
 Metaspace       used 77585K, capacity 83508K, committed 83752K, reserved 1122304K
  class space    used 9321K, capacity 11302K, committed 11312K, reserved 1048576K
Event: 137.805 GC heap after
Heap after GC invocations=17 (full 4):
 PSYoungGen      total 119296K, used 1167K [0x00000000f5580000, 0x00000000fe400000, 0x0000000100000000)
  eden space 93696K, 0% used [0x00000000f5580000,0x00000000f5580000,0x00000000fb100000)
  from space 25600K, 4% used [0x00000000fb100000,0x00000000fb223c28,0x00000000fca00000)
  to   space 26112K, 0% used [0x00000000fca80000,0x00000000fca80000,0x00000000fe400000)
 ParOldGen       total 110592K, used 55379K [0x00000000e0000000, 0x00000000e6c00000, 0x00000000f5580000)
  object space 110592K, 50% used [0x00000000e0000000,0x00000000e3614c20,0x00000000e6c00000)
 Metaspace       used 77585K, capacity 83508K, committed 83752K, reserved 1122304K
  class space    used 9321K, capacity 11302K, committed 11312K, reserved 1048576K
}
Event: 137.805 GC heap before
{Heap before GC invocations=18 (full 5):
 PSYoungGen      total 119296K, used 1167K [0x00000000f5580000, 0x00000000fe400000, 0x0000000100000000)
  eden space 93696K, 0% used [0x00000000f5580000,0x00000000f5580000,0x00000000fb100000)
  from space 25600K, 4% used [0x00000000fb100000,0x00000000fb223c28,0x00000000fca00000)
  to   space 26112K, 0% used [0x00000000fca80000,0x00000000fca80000,0x00000000fe400000)
 ParOldGen       total 110592K, used 55379K [0x00000000e0000000, 0x00000000e6c00000, 0x00000000f5580000)
  object space 110592K, 50% used [0x00000000e0000000,0x00000000e3614c20,0x00000000e6c00000)
 Metaspace       used 77585K, capacity 83508K, committed 83752K, reserved 1122304K
  class space    used 9321K, capacity 11302K, committed 11312K, reserved 1048576K
Event: 138.072 GC heap after
Heap after GC invocations=18 (full 5):
 PSYoungGen      total 119296K, used 0K [0x00000000f5580000, 0x00000000fe400000, 0x0000000100000000)
  eden space 93696K, 0% used [0x00000000f5580000,0x00000000f5580000,0x00000000fb100000)
  from space 25600K, 0% used [0x00000000fb100000,0x00000000fb100000,0x00000000fca00000)
  to   space 26112K, 0% used [0x00000000fca80000,0x00000000fca80000,0x00000000fe400000)
 ParOldGen       total 110592K, used 53776K [0x00000000e0000000, 0x00000000e6c00000, 0x00000000f5580000)
  object space 110592K, 48% used [0x00000000e0000000,0x00000000e3484340,0x00000000e6c00000)
 Metaspace       used 77585K, capacity 83508K, committed 83752K, reserved 1122304K
  class space    used 9321K, capacity 11302K, committed 11312K, reserved 1048576K
}
Event: 179.743 GC heap before
{Heap before GC invocations=19 (full 5):
 PSYoungGen      total 119296K, used 93696K [0x00000000f5580000, 0x00000000fe400000, 0x0000000100000000)
  eden space 93696K, 100% used [0x00000000f5580000,0x00000000fb100000,0x00000000fb100000)
  from space 25600K, 0% used [0x00000000fb100000,0x00000000fb100000,0x00000000fca00000)
  to   space 26112K, 0% used [0x00000000fca80000,0x00000000fca80000,0x00000000fe400000)
 ParOldGen       total 110592K, used 53776K [0x00000000e0000000, 0x00000000e6c00000, 0x00000000f5580000)
  object space 110592K, 48% used [0x00000000e0000000,0x00000000e3484340,0x00000000e6c00000)
 Metaspace       used 78664K, capacity 84648K, committed 84904K, reserved 1122304K
  class space    used 9366K, capacity 11339K, committed 11440K, reserved 1048576K
Event: 179.749 GC heap after
Heap after GC invocations=19 (full 5):
 PSYoungGen      total 119808K, used 1914K [0x00000000f5580000, 0x00000000fef00000, 0x0000000100000000)
  eden space 93696K, 0% used [0x00000000f5580000,0x00000000f5580000,0x00000000fb100000)
  from space 26112K, 7% used [0x00000000fca80000,0x00000000fcc5e8e8,0x00000000fe400000)
  to   space 26112K, 0% used [0x00000000fb100000,0x00000000fb100000,0x00000000fca80000)
 ParOldGen       total 110592K, used 53784K [0x00000000e0000000, 0x00000000e6c00000, 0x00000000f5580000)
  object space 110592K, 48% used [0x00000000e0000000,0x00000000e3486340,0x00000000e6c00000)
 Metaspace       used 78664K, capacity 84648K, committed 84904K, reserved 1122304K
  class space    used 9366K, capacity 11339K, committed 11440K, reserved 1048576K
}
Event: 197.824 GC heap before
{Heap before GC invocations=20 (full 5):
 PSYoungGen      total 119808K, used 35516K [0x00000000f5580000, 0x00000000fef00000, 0x0000000100000000)
  eden space 93696K, 35% used [0x00000000f5580000,0x00000000f76509b0,0x00000000fb100000)
  from space 26112K, 7% used [0x00000000fca80000,0x00000000fcc5e8e8,0x00000000fe400000)
  to   space 26112K, 0% used [0x00000000fb100000,0x00000000fb100000,0x00000000fca80000)
 ParOldGen       total 110592K, used 53784K [0x00000000e0000000, 0x00000000e6c00000, 0x00000000f5580000)
  object space 110592K, 48% used [0x00000000e0000000,0x00000000e3486340,0x00000000e6c00000)
 Metaspace       used 78950K, capacity 84980K, committed 85160K, reserved 1122304K
  class space    used 9368K, capacity 11341K, committed 11440K, reserved 1048576K
Event: 197.830 GC heap after
Heap after GC invocations=20 (full 5):
 PSYoungGen      total 119808K, used 2016K [0x00000000f5580000, 0x00000000fef00000, 0x0000000100000000)
  eden space 93696K, 0% used [0x00000000f5580000,0x00000000f5580000,0x00000000fb100000)
  from space 26112K, 7% used [0x00000000fb100000,0x00000000fb2f8000,0x00000000fca80000)
  to   space 26112K, 0% used [0x00000000fd580000,0x00000000fd580000,0x00000000fef00000)
 ParOldGen       total 110592K, used 53792K [0x00000000e0000000, 0x00000000e6c00000, 0x00000000f5580000)
  object space 110592K, 48% used [0x00000000e0000000,0x00000000e3488340,0x00000000e6c00000)
 Metaspace       used 78950K, capacity 84980K, committed 85160K, reserved 1122304K
  class space    used 9368K, capacity 11341K, committed 11440K, reserved 1048576K
}
Event: 197.830 GC heap before
{Heap before GC invocations=21 (full 6):
 PSYoungGen      total 119808K, used 2016K [0x00000000f5580000, 0x00000000fef00000, 0x0000000100000000)
  eden space 93696K, 0% used [0x00000000f5580000,0x00000000f5580000,0x00000000fb100000)
  from space 26112K, 7% used [0x00000000fb100000,0x00000000fb2f8000,0x00000000fca80000)
  to   space 26112K, 0% used [0x00000000fd580000,0x00000000fd580000,0x00000000fef00000)
 ParOldGen       total 110592K, used 53792K [0x00000000e0000000, 0x00000000e6c00000, 0x00000000f5580000)
  object space 110592K, 48% used [0x00000000e0000000,0x00000000e3488340,0x00000000e6c00000)
 Metaspace       used 78950K, capacity 84980K, committed 85160K, reserved 1122304K
  class space    used 9368K, capacity 11341K, committed 11440K, reserved 1048576K
Event: 198.059 GC heap after
Heap after GC invocations=21 (full 6):
 PSYoungGen      total 119808K, used 0K [0x00000000f5580000, 0x00000000fef00000, 0x0000000100000000)
  eden space 93696K, 0% used [0x00000000f5580000,0x00000000f5580000,0x00000000fb100000)
  from space 26112K, 0% used [0x00000000fb100000,0x00000000fb100000,0x00000000fca80000)
  to   space 26112K, 0% used [0x00000000fd580000,0x00000000fd580000,0x00000000fef00000)
 ParOldGen       total 110592K, used 54928K [0x00000000e0000000, 0x00000000e6c00000, 0x00000000f5580000)
  object space 110592K, 49% used [0x00000000e0000000,0x00000000e35a43e0,0x00000000e6c00000)
 Metaspace       used 78950K, capacity 84980K, committed 85160K, reserved 1122304K
  class space    used 9368K, capacity 11341K, committed 11440K, reserved 1048576K
}

