# JRE version: Java(TM) SE Runtime Environment (8.0_66-b18) (build 1.8.0_66-b18)
# Java VM: Java HotSpot(TM) 64-Bit Server VM (25.66-b18 mixed mode windows-amd64 compressed oops)
Heap:
 PSYoungGen      total 138240K, used 62730K [0x00000000f5580000, 0x0000000100000000, 0x0000000100000000)
  eden space 108032K, 35% used [0x00000000f5580000,0x00000000f7b22e80,0x00000000fbf00000)
  from space 30208K, 80% used [0x00000000fe280000,0x00000000ffa1fd30,0x0000000100000000)
  to   space 33280K, 0% used [0x00000000fbf00000,0x00000000fbf00000,0x00000000fdf80000)
 ParOldGen       total 118272K, used 42185K [0x00000000e0000000, 0x00000000e7380000, 0x00000000f5580000)
  object space 118272K, 35% used [0x00000000e0000000,0x00000000e2932710,0x00000000e7380000)
 Metaspace       used 80695K, capacity 87230K, committed 87336K, reserved 1124352K
  class space    used 9757K, capacity 12062K, committed 12080K, reserved 1048576K
GC Heap History (10 events):
Event: 5.831 GC heap before
{Heap before GC invocations=9 (full 2):
 PSYoungGen      total 113664K, used 93696K [0x00000000f5580000, 0x00000000fd900000, 0x0000000100000000)
  eden space 93696K, 100% used [0x00000000f5580000,0x00000000fb100000,0x00000000fb100000)
  from space 19968K, 0% used [0x00000000fc580000,0x00000000fc580000,0x00000000fd900000)
  to   space 20480K, 0% used [0x00000000fb100000,0x00000000fb100000,0x00000000fc500000)
 ParOldGen       total 95232K, used 34904K [0x00000000e0000000, 0x00000000e5d00000, 0x00000000f5580000)
  object space 95232K, 36% used [0x00000000e0000000,0x00000000e22161a8,0x00000000e5d00000)
 Metaspace       used 50766K, capacity 54866K, committed 55080K, reserved 1097728K
  class space    used 6117K, capacity 7449K, committed 7472K, reserved 1048576K
Event: 5.852 GC heap after
Heap after GC invocations=9 (full 2):
 PSYoungGen      total 114176K, used 20467K [0x00000000f5580000, 0x0000000100000000, 0x0000000100000000)
  eden space 93696K, 0% used [0x00000000f5580000,0x00000000f5580000,0x00000000fb100000)
  from space 20480K, 99% used [0x00000000fb100000,0x00000000fc4fcd68,0x00000000fc500000)
  to   space 27136K, 0% used [0x00000000fe580000,0x00000000fe580000,0x0000000100000000)
 ParOldGen       total 95232K, used 40277K [0x00000000e0000000, 0x00000000e5d00000, 0x00000000f5580000)
  object space 95232K, 42% used [0x00000000e0000000,0x00000000e27556d8,0x00000000e5d00000)
 Metaspace       used 50766K, capacity 54866K, committed 55080K, reserved 1097728K
  class space    used 6117K, capacity 7449K, committed 7472K, reserved 1048576K
}
Event: 6.520 GC heap before
{Heap before GC invocations=10 (full 2):
 PSYoungGen      total 114176K, used 43912K [0x00000000f5580000, 0x0000000100000000, 0x0000000100000000)
  eden space 93696K, 25% used [0x00000000f5580000,0x00000000f6c65320,0x00000000fb100000)
  from space 20480K, 99% used [0x00000000fb100000,0x00000000fc4fcd68,0x00000000fc500000)
  to   space 27136K, 0% used [0x00000000fe580000,0x00000000fe580000,0x0000000100000000)
 ParOldGen       total 95232K, used 40277K [0x00000000e0000000, 0x00000000e5d00000, 0x00000000f5580000)
  object space 95232K, 42% used [0x00000000e0000000,0x00000000e27556d8,0x00000000e5d00000)
 Metaspace       used 55002K, capacity 59080K, committed 59160K, reserved 1099776K
  class space    used 6702K, capacity 8080K, committed 8112K, reserved 1048576K
Event: 6.535 GC heap after
Heap after GC invocations=10 (full 2):
 PSYoungGen      total 146432K, used 16841K [0x00000000f5580000, 0x0000000100000000, 0x0000000100000000)
  eden space 119296K, 0% used [0x00000000f5580000,0x00000000f5580000,0x00000000fca00000)
  from space 27136K, 62% used [0x00000000fe580000,0x00000000ff5f27f8,0x0000000100000000)
  to   space 27648K, 0% used [0x00000000fca00000,0x00000000fca00000,0x00000000fe500000)
 ParOldGen       total 95232K, used 40285K [0x00000000e0000000, 0x00000000e5d00000, 0x00000000f5580000)
  object space 95232K, 42% used [0x00000000e0000000,0x00000000e27576d8,0x00000000e5d00000)
 Metaspace       used 55002K, capacity 59080K, committed 59160K, reserved 1099776K
  class space    used 6702K, capacity 8080K, committed 8112K, reserved 1048576K
}
Event: 6.535 GC heap before
{Heap before GC invocations=11 (full 3):
 PSYoungGen      total 146432K, used 16841K [0x00000000f5580000, 0x0000000100000000, 0x0000000100000000)
  eden space 119296K, 0% used [0x00000000f5580000,0x00000000f5580000,0x00000000fca00000)
  from space 27136K, 62% used [0x00000000fe580000,0x00000000ff5f27f8,0x0000000100000000)
  to   space 27648K, 0% used [0x00000000fca00000,0x00000000fca00000,0x00000000fe500000)
 ParOldGen       total 95232K, used 40285K [0x00000000e0000000, 0x00000000e5d00000, 0x00000000f5580000)
  object space 95232K, 42% used [0x00000000e0000000,0x00000000e27576d8,0x00000000e5d00000)
 Metaspace       used 55002K, capacity 59080K, committed 59160K, reserved 1099776K
  class space    used 6702K, capacity 8080K, committed 8112K, reserved 1048576K
Event: 6.743 GC heap after
Heap after GC invocations=11 (full 3):
 PSYoungGen      total 146432K, used 0K [0x00000000f5580000, 0x0000000100000000, 0x0000000100000000)
  eden space 119296K, 0% used [0x00000000f5580000,0x00000000f5580000,0x00000000fca00000)
  from space 27136K, 0% used [0x00000000fe580000,0x00000000fe580000,0x0000000100000000)
  to   space 27648K, 0% used [0x00000000fca00000,0x00000000fca00000,0x00000000fe500000)
 ParOldGen       total 118272K, used 42169K [0x00000000e0000000, 0x00000000e7380000, 0x00000000f5580000)
  object space 118272K, 35% used [0x00000000e0000000,0x00000000e292e710,0x00000000e7380000)
 Metaspace       used 55002K, capacity 59080K, committed 59160K, reserved 1099776K
  class space    used 6702K, capacity 8080K, committed 8112K, reserved 1048576K
}
Event: 9.788 GC heap before
{Heap before GC invocations=12 (full 3):
 PSYoungGen      total 146432K, used 119296K [0x00000000f5580000, 0x0000000100000000, 0x0000000100000000)
  eden space 119296K, 100% used [0x00000000f5580000,0x00000000fca00000,0x00000000fca00000)
  from space 27136K, 0% used [0x00000000fe580000,0x00000000fe580000,0x0000000100000000)
  to   space 27648K, 0% used [0x00000000fca00000,0x00000000fca00000,0x00000000fe500000)
 ParOldGen       total 118272K, used 42169K [0x00000000e0000000, 0x00000000e7380000, 0x00000000f5580000)
  object space 118272K, 35% used [0x00000000e0000000,0x00000000e292e710,0x00000000e7380000)
 Metaspace       used 70435K, capacity 76186K, committed 76328K, reserved 1116160K
  class space    used 8550K, capacity 10483K, committed 10544K, reserved 1048576K
Event: 9.818 GC heap after
Heap after GC invocations=12 (full 3):
 PSYoungGen      total 144384K, used 24743K [0x00000000f5580000, 0x0000000100000000, 0x0000000100000000)
  eden space 119296K, 0% used [0x00000000f5580000,0x00000000f5580000,0x00000000fca00000)
  from space 25088K, 98% used [0x00000000fca00000,0x00000000fe229da0,0x00000000fe280000)
  to   space 30208K, 0% used [0x00000000fe280000,0x00000000fe280000,0x0000000100000000)
 ParOldGen       total 118272K, used 42177K [0x00000000e0000000, 0x00000000e7380000, 0x00000000f5580000)
  object space 118272K, 35% used [0x00000000e0000000,0x00000000e2930710,0x00000000e7380000)
 Metaspace       used 70435K, capacity 76186K, committed 76328K, reserved 1116160K
  class space    used 8550K, capacity 10483K, committed 10544K, reserved 1048576K
}
Event: 98.328 GC heap before
{Heap before GC invocations=13 (full 3):
 PSYoungGen      total 144384K, used 144039K [0x00000000f5580000, 0x0000000100000000, 0x0000000100000000)
  eden space 119296K, 100% used [0x00000000f5580000,0x00000000fca00000,0x00000000fca00000)
  from space 25088K, 98% used [0x00000000fca00000,0x00000000fe229da0,0x00000000fe280000)
  to   space 30208K, 0% used [0x00000000fe280000,0x00000000fe280000,0x0000000100000000)
 ParOldGen       total 118272K, used 42177K [0x00000000e0000000, 0x00000000e7380000, 0x00000000f5580000)
  object space 118272K, 35% used [0x00000000e0000000,0x00000000e2930710,0x00000000e7380000)
 Metaspace       used 79239K, capacity 85882K, committed 86184K, reserved 1124352K
  class space    used 9611K, capacity 11870K, committed 11952K, reserved 1048576K
Event: 98.352 GC heap after
Heap after GC invocations=13 (full 3):
 PSYoungGen      total 138240K, used 24191K [0x00000000f5580000, 0x0000000100000000, 0x0000000100000000)
  eden space 108032K, 0% used [0x00000000f5580000,0x00000000f5580000,0x00000000fbf00000)
  from space 30208K, 80% used [0x00000000fe280000,0x00000000ffa1fd30,0x0000000100000000)
  to   space 33280K, 0% used [0x00000000fbf00000,0x00000000fbf00000,0x00000000fdf80000)
 ParOldGen       total 118272K, used 42185K [0x00000000e0000000, 0x00000000e7380000, 0x00000000f5580000)
  object space 118272K, 35% used [0x00000000e0000000,0x00000000e2932710,0x00000000e7380000)
 Metaspace       used 79239K, capacity 85882K, committed 86184K, reserved 1124352K
  class space    used 9611K, capacity 11870K, committed 11952K, reserved 1048576K
}

