# JRE version: Java(TM) SE Runtime Environment (8.0_66-b18) (build 1.8.0_66-b18)
# Java VM: Java HotSpot(TM) 64-Bit Server VM (25.66-b18 mixed mode windows-amd64 compressed oops)
Heap:
 PSYoungGen      total 151552K, used 71368K [0x00000000f5580000, 0x0000000100000000, 0x0000000100000000)
  eden space 128512K, 55% used [0x00000000f5580000,0x00000000f9b32358,0x00000000fd300000)
  from space 23040K, 0% used [0x00000000fd300000,0x00000000fd300000,0x00000000fe980000)
  to   space 23040K, 0% used [0x00000000fe980000,0x00000000fe980000,0x0000000100000000)
 ParOldGen       total 88576K, used 55018K [0x00000000e0000000, 0x00000000e5680000, 0x00000000f5580000)
  object space 88576K, 62% used [0x00000000e0000000,0x00000000e35ba830,0x00000000e5680000)
 Metaspace       used 91951K, capacity 98894K, committed 99224K, reserved 1134592K
  class space    used 10990K, capacity 13337K, committed 13472K, reserved 1048576K
GC Heap History (10 events):
Event: 362.802 GC heap before
{Heap before GC invocations=25 (full 8):
 PSYoungGen      total 146944K, used 8616K [0x00000000f5580000, 0x0000000100000000, 0x0000000100000000)
  eden space 122880K, 0% used [0x00000000f5580000,0x00000000f5580000,0x00000000fcd80000)
  from space 24064K, 35% used [0x00000000fcd80000,0x00000000fd5ea348,0x00000000fe500000)
  to   space 23040K, 0% used [0x00000000fe980000,0x00000000fe980000,0x0000000100000000)
 ParOldGen       total 88576K, used 59096K [0x00000000e0000000, 0x00000000e5680000, 0x00000000f5580000)
  object space 88576K, 66% used [0x00000000e0000000,0x00000000e39b6360,0x00000000e5680000)
 Metaspace       used 90083K, capacity 96930K, committed 97176K, reserved 1132544K
  class space    used 10831K, capacity 13169K, committed 13216K, reserved 1048576K
Event: 363.216 GC heap after
Heap after GC invocations=25 (full 8):
 PSYoungGen      total 146944K, used 0K [0x00000000f5580000, 0x0000000100000000, 0x0000000100000000)
  eden space 122880K, 0% used [0x00000000f5580000,0x00000000f5580000,0x00000000fcd80000)
  from space 24064K, 0% used [0x00000000fcd80000,0x00000000fcd80000,0x00000000fe500000)
  to   space 23040K, 0% used [0x00000000fe980000,0x00000000fe980000,0x0000000100000000)
 ParOldGen       total 88576K, used 65815K [0x00000000e0000000, 0x00000000e5680000, 0x00000000f5580000)
  object space 88576K, 74% used [0x00000000e0000000,0x00000000e4045fd8,0x00000000e5680000)
 Metaspace       used 90083K, capacity 96930K, committed 97176K, reserved 1132544K
  class space    used 10831K, capacity 13169K, committed 13216K, reserved 1048576K
}
Event: 431.981 GC heap before
{Heap before GC invocations=26 (full 8):
 PSYoungGen      total 146944K, used 29794K [0x00000000f5580000, 0x0000000100000000, 0x0000000100000000)
  eden space 122880K, 24% used [0x00000000f5580000,0x00000000f7298848,0x00000000fcd80000)
  from space 24064K, 0% used [0x00000000fcd80000,0x00000000fcd80000,0x00000000fe500000)
  to   space 23040K, 0% used [0x00000000fe980000,0x00000000fe980000,0x0000000100000000)
 ParOldGen       total 88576K, used 65815K [0x00000000e0000000, 0x00000000e5680000, 0x00000000f5580000)
  object space 88576K, 74% used [0x00000000e0000000,0x00000000e4045fd8,0x00000000e5680000)
 Metaspace       used 90796K, capacity 97956K, committed 98072K, reserved 1134592K
  class space    used 10899K, capacity 13279K, committed 13344K, reserved 1048576K
Event: 431.987 GC heap after
Heap after GC invocations=26 (full 8):
 PSYoungGen      total 151552K, used 1816K [0x00000000f5580000, 0x0000000100000000, 0x0000000100000000)
  eden space 128512K, 0% used [0x00000000f5580000,0x00000000f5580000,0x00000000fd300000)
  from space 23040K, 7% used [0x00000000fe980000,0x00000000feb460c0,0x0000000100000000)
  to   space 23040K, 0% used [0x00000000fd300000,0x00000000fd300000,0x00000000fe980000)
 ParOldGen       total 88576K, used 65823K [0x00000000e0000000, 0x00000000e5680000, 0x00000000f5580000)
  object space 88576K, 74% used [0x00000000e0000000,0x00000000e4047fd8,0x00000000e5680000)
 Metaspace       used 90796K, capacity 97956K, committed 98072K, reserved 1134592K
  class space    used 10899K, capacity 13279K, committed 13344K, reserved 1048576K
}
Event: 431.987 GC heap before
{Heap before GC invocations=27 (full 9):
 PSYoungGen      total 151552K, used 1816K [0x00000000f5580000, 0x0000000100000000, 0x0000000100000000)
  eden space 128512K, 0% used [0x00000000f5580000,0x00000000f5580000,0x00000000fd300000)
  from space 23040K, 7% used [0x00000000fe980000,0x00000000feb460c0,0x0000000100000000)
  to   space 23040K, 0% used [0x00000000fd300000,0x00000000fd300000,0x00000000fe980000)
 ParOldGen       total 88576K, used 65823K [0x00000000e0000000, 0x00000000e5680000, 0x00000000f5580000)
  object space 88576K, 74% used [0x00000000e0000000,0x00000000e4047fd8,0x00000000e5680000)
 Metaspace       used 90796K, capacity 97956K, committed 98072K, reserved 1134592K
  class space    used 10899K, capacity 13279K, committed 13344K, reserved 1048576K
Event: 432.322 GC heap after
Heap after GC invocations=27 (full 9):
 PSYoungGen      total 151552K, used 0K [0x00000000f5580000, 0x0000000100000000, 0x0000000100000000)
  eden space 128512K, 0% used [0x00000000f5580000,0x00000000f5580000,0x00000000fd300000)
  from space 23040K, 0% used [0x00000000fe980000,0x00000000fe980000,0x0000000100000000)
  to   space 23040K, 0% used [0x00000000fd300000,0x00000000fd300000,0x00000000fe980000)
 ParOldGen       total 88576K, used 65406K [0x00000000e0000000, 0x00000000e5680000, 0x00000000f5580000)
  object space 88576K, 73% used [0x00000000e0000000,0x00000000e3fdfa00,0x00000000e5680000)
 Metaspace       used 90796K, capacity 97956K, committed 98072K, reserved 1134592K
  class space    used 10899K, capacity 13279K, committed 13344K, reserved 1048576K
}
Event: 516.560 GC heap before
{Heap before GC invocations=28 (full 9):
 PSYoungGen      total 151552K, used 86536K [0x00000000f5580000, 0x0000000100000000, 0x0000000100000000)
  eden space 128512K, 67% used [0x00000000f5580000,0x00000000faa022e0,0x00000000fd300000)
  from space 23040K, 0% used [0x00000000fe980000,0x00000000fe980000,0x0000000100000000)
  to   space 23040K, 0% used [0x00000000fd300000,0x00000000fd300000,0x00000000fe980000)
 ParOldGen       total 88576K, used 65406K [0x00000000e0000000, 0x00000000e5680000, 0x00000000f5580000)
  object space 88576K, 73% used [0x00000000e0000000,0x00000000e3fdfa00,0x00000000e5680000)
 Metaspace       used 91200K, capacity 98276K, committed 98584K, reserved 1134592K
  class space    used 10919K, capacity 13279K, committed 13344K, reserved 1048576K
Event: 516.567 GC heap after
Heap after GC invocations=28 (full 9):
 PSYoungGen      total 151552K, used 1743K [0x00000000f5580000, 0x0000000100000000, 0x0000000100000000)
  eden space 128512K, 0% used [0x00000000f5580000,0x00000000f5580000,0x00000000fd300000)
  from space 23040K, 7% used [0x00000000fd300000,0x00000000fd4b3f78,0x00000000fe980000)
  to   space 23040K, 0% used [0x00000000fe980000,0x00000000fe980000,0x0000000100000000)
 ParOldGen       total 88576K, used 65406K [0x00000000e0000000, 0x00000000e5680000, 0x00000000f5580000)
  object space 88576K, 73% used [0x00000000e0000000,0x00000000e3fdfa00,0x00000000e5680000)
 Metaspace       used 91200K, capacity 98276K, committed 98584K, reserved 1134592K
  class space    used 10919K, capacity 13279K, committed 13344K, reserved 1048576K
}
Event: 516.567 GC heap before
{Heap before GC invocations=29 (full 10):
 PSYoungGen      total 151552K, used 1743K [0x00000000f5580000, 0x0000000100000000, 0x0000000100000000)
  eden space 128512K, 0% used [0x00000000f5580000,0x00000000f5580000,0x00000000fd300000)
  from space 23040K, 7% used [0x00000000fd300000,0x00000000fd4b3f78,0x00000000fe980000)
  to   space 23040K, 0% used [0x00000000fe980000,0x00000000fe980000,0x0000000100000000)
 ParOldGen       total 88576K, used 65406K [0x00000000e0000000, 0x00000000e5680000, 0x00000000f5580000)
  object space 88576K, 73% used [0x00000000e0000000,0x00000000e3fdfa00,0x00000000e5680000)
 Metaspace       used 91200K, capacity 98276K, committed 98584K, reserved 1134592K
  class space    used 10919K, capacity 13279K, committed 13344K, reserved 1048576K
Event: 516.884 GC heap after
Heap after GC invocations=29 (full 10):
 PSYoungGen      total 151552K, used 0K [0x00000000f5580000, 0x0000000100000000, 0x0000000100000000)
  eden space 128512K, 0% used [0x00000000f5580000,0x00000000f5580000,0x00000000fd300000)
  from space 23040K, 0% used [0x00000000fd300000,0x00000000fd300000,0x00000000fe980000)
  to   space 23040K, 0% used [0x00000000fe980000,0x00000000fe980000,0x0000000100000000)
 ParOldGen       total 88576K, used 55018K [0x00000000e0000000, 0x00000000e5680000, 0x00000000f5580000)
  object space 88576K, 62% used [0x00000000e0000000,0x00000000e35ba830,0x00000000e5680000)
 Metaspace       used 91167K, capacity 98224K, committed 98584K, reserved 1134592K
  class space    used 10913K, capacity 13267K, committed 13344K, reserved 1048576K
}

