# JRE version: Java(TM) SE Runtime Environment (8.0_66-b18) (build 1.8.0_66-b18)
# Java VM: Java HotSpot(TM) 64-Bit Server VM (25.66-b18 mixed mode windows-amd64 compressed oops)
Heap:
 PSYoungGen      total 143360K, used 36789K [0x00000000f5580000, 0x0000000100000000, 0x0000000100000000)
  eden space 113152K, 32% used [0x00000000f5580000,0x00000000f796d5f8,0x00000000fc400000)
  from space 30208K, 0% used [0x00000000fc400000,0x00000000fc400000,0x00000000fe180000)
  to   space 29696K, 0% used [0x00000000fe300000,0x00000000fe300000,0x0000000100000000)
 ParOldGen       total 113664K, used 45817K [0x00000000e0000000, 0x00000000e6f00000, 0x00000000f5580000)
  object space 113664K, 40% used [0x00000000e0000000,0x00000000e2cbe6e0,0x00000000e6f00000)
 Metaspace       used 81140K, capacity 87766K, committed 88104K, reserved 1126400K
  class space    used 9771K, capacity 12017K, committed 12080K, reserved 1048576K
GC Heap History (10 events):
Event: 362.698 GC heap before
{Heap before GC invocations=24 (full 9):
 PSYoungGen      total 142336K, used 960K [0x00000000f5580000, 0x0000000100000000, 0x0000000100000000)
  eden space 110592K, 0% used [0x00000000f5580000,0x00000000f5580000,0x00000000fc180000)
  from space 31744K, 3% used [0x00000000fc180000,0x00000000fc270030,0x00000000fe080000)
  to   space 31232K, 0% used [0x00000000fe180000,0x00000000fe180000,0x0000000100000000)
 ParOldGen       total 113664K, used 55454K [0x00000000e0000000, 0x00000000e6f00000, 0x00000000f5580000)
  object space 113664K, 48% used [0x00000000e0000000,0x00000000e3627a08,0x00000000e6f00000)
 Metaspace       used 80088K, capacity 86788K, committed 86952K, reserved 1124352K
  class space    used 9660K, capacity 11874K, committed 11952K, reserved 1048576K
Event: 362.944 GC heap after
Heap after GC invocations=24 (full 9):
 PSYoungGen      total 142336K, used 0K [0x00000000f5580000, 0x0000000100000000, 0x0000000100000000)
  eden space 110592K, 0% used [0x00000000f5580000,0x00000000f5580000,0x00000000fc180000)
  from space 31744K, 0% used [0x00000000fc180000,0x00000000fc180000,0x00000000fe080000)
  to   space 31232K, 0% used [0x00000000fe180000,0x00000000fe180000,0x0000000100000000)
 ParOldGen       total 113664K, used 56223K [0x00000000e0000000, 0x00000000e6f00000, 0x00000000f5580000)
  object space 113664K, 49% used [0x00000000e0000000,0x00000000e36e7e50,0x00000000e6f00000)
 Metaspace       used 80088K, capacity 86788K, committed 86952K, reserved 1124352K
  class space    used 9660K, capacity 11874K, committed 11952K, reserved 1048576K
}
Event: 422.702 GC heap before
{Heap before GC invocations=25 (full 9):
 PSYoungGen      total 142336K, used 4678K [0x00000000f5580000, 0x0000000100000000, 0x0000000100000000)
  eden space 110592K, 4% used [0x00000000f5580000,0x00000000f5a118d8,0x00000000fc180000)
  from space 31744K, 0% used [0x00000000fc180000,0x00000000fc180000,0x00000000fe080000)
  to   space 31232K, 0% used [0x00000000fe180000,0x00000000fe180000,0x0000000100000000)
 ParOldGen       total 113664K, used 56223K [0x00000000e0000000, 0x00000000e6f00000, 0x00000000f5580000)
  object space 113664K, 49% used [0x00000000e0000000,0x00000000e36e7e50,0x00000000e6f00000)
 Metaspace       used 80163K, capacity 86916K, committed 87208K, reserved 1124352K
  class space    used 9666K, capacity 11874K, committed 11952K, reserved 1048576K
Event: 422.706 GC heap after
Heap after GC invocations=25 (full 9):
 PSYoungGen      total 144384K, used 224K [0x00000000f5580000, 0x0000000100000000, 0x0000000100000000)
  eden space 113152K, 0% used [0x00000000f5580000,0x00000000f5580000,0x00000000fc400000)
  from space 31232K, 0% used [0x00000000fe180000,0x00000000fe1b8000,0x0000000100000000)
  to   space 30208K, 0% used [0x00000000fc400000,0x00000000fc400000,0x00000000fe180000)
 ParOldGen       total 113664K, used 56223K [0x00000000e0000000, 0x00000000e6f00000, 0x00000000f5580000)
  object space 113664K, 49% used [0x00000000e0000000,0x00000000e36e7e50,0x00000000e6f00000)
 Metaspace       used 80163K, capacity 86916K, committed 87208K, reserved 1124352K
  class space    used 9666K, capacity 11874K, committed 11952K, reserved 1048576K
}
Event: 422.707 GC heap before
{Heap before GC invocations=26 (full 10):
 PSYoungGen      total 144384K, used 224K [0x00000000f5580000, 0x0000000100000000, 0x0000000100000000)
  eden space 113152K, 0% used [0x00000000f5580000,0x00000000f5580000,0x00000000fc400000)
  from space 31232K, 0% used [0x00000000fe180000,0x00000000fe1b8000,0x0000000100000000)
  to   space 30208K, 0% used [0x00000000fc400000,0x00000000fc400000,0x00000000fe180000)
 ParOldGen       total 113664K, used 56223K [0x00000000e0000000, 0x00000000e6f00000, 0x00000000f5580000)
  object space 113664K, 49% used [0x00000000e0000000,0x00000000e36e7e50,0x00000000e6f00000)
 Metaspace       used 80163K, capacity 86916K, committed 87208K, reserved 1124352K
  class space    used 9666K, capacity 11874K, committed 11952K, reserved 1048576K
Event: 422.953 GC heap after
Heap after GC invocations=26 (full 10):
 PSYoungGen      total 144384K, used 0K [0x00000000f5580000, 0x0000000100000000, 0x0000000100000000)
  eden space 113152K, 0% used [0x00000000f5580000,0x00000000f5580000,0x00000000fc400000)
  from space 31232K, 0% used [0x00000000fe180000,0x00000000fe180000,0x0000000100000000)
  to   space 30208K, 0% used [0x00000000fc400000,0x00000000fc400000,0x00000000fe180000)
 ParOldGen       total 113664K, used 55965K [0x00000000e0000000, 0x00000000e6f00000, 0x00000000f5580000)
  object space 113664K, 49% used [0x00000000e0000000,0x00000000e36a75b0,0x00000000e6f00000)
 Metaspace       used 80163K, capacity 86916K, committed 87208K, reserved 1124352K
  class space    used 9666K, capacity 11874K, committed 11952K, reserved 1048576K
}
Event: 482.717 GC heap before
{Heap before GC invocations=27 (full 10):
 PSYoungGen      total 144384K, used 3327K [0x00000000f5580000, 0x0000000100000000, 0x0000000100000000)
  eden space 113152K, 2% used [0x00000000f5580000,0x00000000f58bfeb8,0x00000000fc400000)
  from space 31232K, 0% used [0x00000000fe180000,0x00000000fe180000,0x0000000100000000)
  to   space 30208K, 0% used [0x00000000fc400000,0x00000000fc400000,0x00000000fe180000)
 ParOldGen       total 113664K, used 55965K [0x00000000e0000000, 0x00000000e6f00000, 0x00000000f5580000)
  object space 113664K, 49% used [0x00000000e0000000,0x00000000e36a75b0,0x00000000e6f00000)
 Metaspace       used 80166K, capacity 86916K, committed 87208K, reserved 1124352K
  class space    used 9666K, capacity 11874K, committed 11952K, reserved 1048576K
Event: 482.722 GC heap after
Heap after GC invocations=27 (full 10):
 PSYoungGen      total 143360K, used 160K [0x00000000f5580000, 0x0000000100000000, 0x0000000100000000)
  eden space 113152K, 0% used [0x00000000f5580000,0x00000000f5580000,0x00000000fc400000)
  from space 30208K, 0% used [0x00000000fc400000,0x00000000fc428000,0x00000000fe180000)
  to   space 29696K, 0% used [0x00000000fe300000,0x00000000fe300000,0x0000000100000000)
 ParOldGen       total 113664K, used 55973K [0x00000000e0000000, 0x00000000e6f00000, 0x00000000f5580000)
  object space 113664K, 49% used [0x00000000e0000000,0x00000000e36a95b0,0x00000000e6f00000)
 Metaspace       used 80166K, capacity 86916K, committed 87208K, reserved 1124352K
  class space    used 9666K, capacity 11874K, committed 11952K, reserved 1048576K
}
Event: 482.722 GC heap before
{Heap before GC invocations=28 (full 11):
 PSYoungGen      total 143360K, used 160K [0x00000000f5580000, 0x0000000100000000, 0x0000000100000000)
  eden space 113152K, 0% used [0x00000000f5580000,0x00000000f5580000,0x00000000fc400000)
  from space 30208K, 0% used [0x00000000fc400000,0x00000000fc428000,0x00000000fe180000)
  to   space 29696K, 0% used [0x00000000fe300000,0x00000000fe300000,0x0000000100000000)
 ParOldGen       total 113664K, used 55973K [0x00000000e0000000, 0x00000000e6f00000, 0x00000000f5580000)
  object space 113664K, 49% used [0x00000000e0000000,0x00000000e36a95b0,0x00000000e6f00000)
 Metaspace       used 80166K, capacity 86916K, committed 87208K, reserved 1124352K
  class space    used 9666K, capacity 11874K, committed 11952K, reserved 1048576K
Event: 483.005 GC heap after
Heap after GC invocations=28 (full 11):
 PSYoungGen      total 143360K, used 0K [0x00000000f5580000, 0x0000000100000000, 0x0000000100000000)
  eden space 113152K, 0% used [0x00000000f5580000,0x00000000f5580000,0x00000000fc400000)
  from space 30208K, 0% used [0x00000000fc400000,0x00000000fc400000,0x00000000fe180000)
  to   space 29696K, 0% used [0x00000000fe300000,0x00000000fe300000,0x0000000100000000)
 ParOldGen       total 113664K, used 45817K [0x00000000e0000000, 0x00000000e6f00000, 0x00000000f5580000)
  object space 113664K, 40% used [0x00000000e0000000,0x00000000e2cbe6e0,0x00000000e6f00000)
 Metaspace       used 80116K, capacity 86834K, committed 87208K, reserved 1124352K
  class space    used 9656K, capacity 11857K, committed 11952K, reserved 1048576K
}

