# JRE version: Java(TM) SE Runtime Environment (8.0_66-b18) (build 1.8.0_66-b18)
# Java VM: Java HotSpot(TM) 64-Bit Server VM (25.66-b18 mixed mode windows-amd64 compressed oops)
Heap:
 PSYoungGen      total 144384K, used 105843K [0x00000000f5580000, 0x0000000100000000, 0x0000000100000000)
  eden space 114176K, 92% used [0x00000000f5580000,0x00000000fbcdce90,0x00000000fc500000)
  from space 30208K, 0% used [0x00000000fc500000,0x00000000fc500000,0x00000000fe280000)
  to   space 30208K, 0% used [0x00000000fe280000,0x00000000fe280000,0x0000000100000000)
 ParOldGen       total 110592K, used 51701K [0x00000000e0000000, 0x00000000e6c00000, 0x00000000f5580000)
  object space 110592K, 46% used [0x00000000e0000000,0x00000000e327d680,0x00000000e6c00000)
 Metaspace       used 80051K, capacity 86620K, committed 86912K, reserved 1124352K
  class space    used 9622K, capacity 11891K, committed 11904K, reserved 1048576K
GC Heap History (10 events):
Event: 7.797 GC heap before
{Heap before GC invocations=11 (full 3):
 PSYoungGen      total 147456K, used 16482K [0x00000000f5580000, 0x0000000100000000, 0x0000000100000000)
  eden space 121344K, 0% used [0x00000000f5580000,0x00000000f5580000,0x00000000fcc00000)
  from space 26112K, 63% used [0x00000000fe680000,0x00000000ff698b08,0x0000000100000000)
  to   space 26624K, 0% used [0x00000000fcc00000,0x00000000fcc00000,0x00000000fe600000)
 ParOldGen       total 89088K, used 31956K [0x00000000e0000000, 0x00000000e5700000, 0x00000000f5580000)
  object space 89088K, 35% used [0x00000000e0000000,0x00000000e1f351c8,0x00000000e5700000)
 Metaspace       used 54458K, capacity 58902K, committed 59028K, reserved 1099776K
  class space    used 6440K, capacity 7929K, committed 7936K, reserved 1048576K
Event: 8.025 GC heap after
Heap after GC invocations=11 (full 3):
 PSYoungGen      total 147456K, used 0K [0x00000000f5580000, 0x0000000100000000, 0x0000000100000000)
  eden space 121344K, 0% used [0x00000000f5580000,0x00000000f5580000,0x00000000fcc00000)
  from space 26112K, 0% used [0x00000000fe680000,0x00000000fe680000,0x0000000100000000)
  to   space 26624K, 0% used [0x00000000fcc00000,0x00000000fcc00000,0x00000000fe600000)
 ParOldGen       total 110592K, used 38348K [0x00000000e0000000, 0x00000000e6c00000, 0x00000000f5580000)
  object space 110592K, 34% used [0x00000000e0000000,0x00000000e2573178,0x00000000e6c00000)
 Metaspace       used 54458K, capacity 58902K, committed 59028K, reserved 1099776K
  class space    used 6440K, capacity 7929K, committed 7936K, reserved 1048576K
}
Event: 17.005 GC heap before
{Heap before GC invocations=12 (full 3):
 PSYoungGen      total 147456K, used 121344K [0x00000000f5580000, 0x0000000100000000, 0x0000000100000000)
  eden space 121344K, 100% used [0x00000000f5580000,0x00000000fcc00000,0x00000000fcc00000)
  from space 26112K, 0% used [0x00000000fe680000,0x00000000fe680000,0x0000000100000000)
  to   space 26624K, 0% used [0x00000000fcc00000,0x00000000fcc00000,0x00000000fe600000)
 ParOldGen       total 110592K, used 38348K [0x00000000e0000000, 0x00000000e6c00000, 0x00000000f5580000)
  object space 110592K, 34% used [0x00000000e0000000,0x00000000e2573178,0x00000000e6c00000)
 Metaspace       used 66321K, capacity 72334K, committed 72704K, reserved 1112064K
  class space    used 8085K, capacity 10201K, committed 10240K, reserved 1048576K
Event: 17.033 GC heap after
Heap after GC invocations=12 (full 3):
 PSYoungGen      total 140288K, used 18914K [0x00000000f5580000, 0x0000000100000000, 0x0000000100000000)
  eden space 121344K, 0% used [0x00000000f5580000,0x00000000f5580000,0x00000000fcc00000)
  from space 18944K, 99% used [0x00000000fcc00000,0x00000000fde78860,0x00000000fde80000)
  to   space 28160K, 0% used [0x00000000fe480000,0x00000000fe480000,0x0000000100000000)
 ParOldGen       total 110592K, used 38356K [0x00000000e0000000, 0x00000000e6c00000, 0x00000000f5580000)
  object space 110592K, 34% used [0x00000000e0000000,0x00000000e2575178,0x00000000e6c00000)
 Metaspace       used 66321K, capacity 72334K, committed 72704K, reserved 1112064K
  class space    used 8085K, capacity 10201K, committed 10240K, reserved 1048576K
}
Event: 56.639 GC heap before
{Heap before GC invocations=13 (full 3):
 PSYoungGen      total 140288K, used 140258K [0x00000000f5580000, 0x0000000100000000, 0x0000000100000000)
  eden space 121344K, 100% used [0x00000000f5580000,0x00000000fcc00000,0x00000000fcc00000)
  from space 18944K, 99% used [0x00000000fcc00000,0x00000000fde78860,0x00000000fde80000)
  to   space 28160K, 0% used [0x00000000fe480000,0x00000000fe480000,0x0000000100000000)
 ParOldGen       total 110592K, used 38356K [0x00000000e0000000, 0x00000000e6c00000, 0x00000000f5580000)
  object space 110592K, 34% used [0x00000000e0000000,0x00000000e2575178,0x00000000e6c00000)
 Metaspace       used 73994K, capacity 80222K, committed 80512K, reserved 1118208K
  class space    used 8914K, capacity 11009K, committed 11136K, reserved 1048576K
Event: 56.659 GC heap after
Heap after GC invocations=13 (full 3):
 PSYoungGen      total 142336K, used 22236K [0x00000000f5580000, 0x0000000100000000, 0x0000000100000000)
  eden space 114176K, 0% used [0x00000000f5580000,0x00000000f5580000,0x00000000fc500000)
  from space 28160K, 78% used [0x00000000fe480000,0x00000000ffa37198,0x0000000100000000)
  to   space 30208K, 0% used [0x00000000fc500000,0x00000000fc500000,0x00000000fe280000)
 ParOldGen       total 110592K, used 38364K [0x00000000e0000000, 0x00000000e6c00000, 0x00000000f5580000)
  object space 110592K, 34% used [0x00000000e0000000,0x00000000e2577178,0x00000000e6c00000)
 Metaspace       used 73994K, capacity 80222K, committed 80512K, reserved 1118208K
  class space    used 8914K, capacity 11009K, committed 11136K, reserved 1048576K
}
Event: 67.503 GC heap before
{Heap before GC invocations=14 (full 3):
 PSYoungGen      total 142336K, used 42336K [0x00000000f5580000, 0x0000000100000000, 0x0000000100000000)
  eden space 114176K, 17% used [0x00000000f5580000,0x00000000f6920e88,0x00000000fc500000)
  from space 28160K, 78% used [0x00000000fe480000,0x00000000ffa37198,0x0000000100000000)
  to   space 30208K, 0% used [0x00000000fc500000,0x00000000fc500000,0x00000000fe280000)
 ParOldGen       total 110592K, used 38364K [0x00000000e0000000, 0x00000000e6c00000, 0x00000000f5580000)
  object space 110592K, 34% used [0x00000000e0000000,0x00000000e2577178,0x00000000e6c00000)
 Metaspace       used 74894K, capacity 81034K, committed 81408K, reserved 1120256K
  class space    used 9057K, capacity 11149K, committed 11264K, reserved 1048576K
Event: 67.519 GC heap after
Heap after GC invocations=14 (full 3):
 PSYoungGen      total 144384K, used 17977K [0x00000000f5580000, 0x0000000100000000, 0x0000000100000000)
  eden space 114176K, 0% used [0x00000000f5580000,0x00000000f5580000,0x00000000fc500000)
  from space 30208K, 59% used [0x00000000fc500000,0x00000000fd68e508,0x00000000fe280000)
  to   space 30208K, 0% used [0x00000000fe280000,0x00000000fe280000,0x0000000100000000)
 ParOldGen       total 110592K, used 38372K [0x00000000e0000000, 0x00000000e6c00000, 0x00000000f5580000)
  object space 110592K, 34% used [0x00000000e0000000,0x00000000e2579178,0x00000000e6c00000)
 Metaspace       used 74894K, capacity 81034K, committed 81408K, reserved 1120256K
  class space    used 9057K, capacity 11149K, committed 11264K, reserved 1048576K
}
Event: 67.519 GC heap before
{Heap before GC invocations=15 (full 4):
 PSYoungGen      total 144384K, used 17977K [0x00000000f5580000, 0x0000000100000000, 0x0000000100000000)
  eden space 114176K, 0% used [0x00000000f5580000,0x00000000f5580000,0x00000000fc500000)
  from space 30208K, 59% used [0x00000000fc500000,0x00000000fd68e508,0x00000000fe280000)
  to   space 30208K, 0% used [0x00000000fe280000,0x00000000fe280000,0x0000000100000000)
 ParOldGen       total 110592K, used 38372K [0x00000000e0000000, 0x00000000e6c00000, 0x00000000f5580000)
  object space 110592K, 34% used [0x00000000e0000000,0x00000000e2579178,0x00000000e6c00000)
 Metaspace       used 74894K, capacity 81034K, committed 81408K, reserved 1120256K
  class space    used 9057K, capacity 11149K, committed 11264K, reserved 1048576K
Event: 67.828 GC heap after
Heap after GC invocations=15 (full 4):
 PSYoungGen      total 144384K, used 0K [0x00000000f5580000, 0x0000000100000000, 0x0000000100000000)
  eden space 114176K, 0% used [0x00000000f5580000,0x00000000f5580000,0x00000000fc500000)
  from space 30208K, 0% used [0x00000000fc500000,0x00000000fc500000,0x00000000fe280000)
  to   space 30208K, 0% used [0x00000000fe280000,0x00000000fe280000,0x0000000100000000)
 ParOldGen       total 110592K, used 51701K [0x00000000e0000000, 0x00000000e6c00000, 0x00000000f5580000)
  object space 110592K, 46% used [0x00000000e0000000,0x00000000e327d680,0x00000000e6c00000)
 Metaspace       used 74894K, capacity 81034K, committed 81408K, reserved 1120256K
  class space    used 9057K, capacity 11149K, committed 11264K, reserved 1048576K
}

