# JRE version: Java(TM) SE Runtime Environment (8.0_66-b18) (build 1.8.0_66-b18)
# Java VM: Java HotSpot(TM) 64-Bit Server VM (25.66-b18 mixed mode windows-amd64 compressed oops)
Heap:
 PSYoungGen      total 114688K, used 51851K [0x00000000f5580000, 0x00000000ff700000, 0x0000000100000000)
  eden space 114176K, 45% used [0x00000000f5580000,0x00000000f8822de0,0x00000000fc500000)
  from space 512K, 0% used [0x00000000fc500000,0x00000000fc500000,0x00000000fc580000)
  to   space 25600K, 0% used [0x00000000fde00000,0x00000000fde00000,0x00000000ff700000)
 ParOldGen       total 104960K, used 54543K [0x00000000e0000000, 0x00000000e6680000, 0x00000000f5580000)
  object space 104960K, 51% used [0x00000000e0000000,0x00000000e3543e60,0x00000000e6680000)
 Metaspace       used 94517K, capacity 102322K, committed 102568K, reserved 1138688K
  class space    used 11122K, capacity 13670K, committed 13744K, reserved 1048576K
GC Heap History (10 events):
Event: 600.034 GC heap before
{Heap before GC invocations=34 (full 9):
 PSYoungGen      total 115712K, used 1449K [0x00000000f5580000, 0x00000000ffa00000, 0x0000000100000000)
  eden space 114176K, 0% used [0x00000000f5580000,0x00000000f5580000,0x00000000fc500000)
  from space 1536K, 94% used [0x00000000fc500000,0x00000000fc66a4d0,0x00000000fc680000)
  to   space 27136K, 0% used [0x00000000fdf80000,0x00000000fdf80000,0x00000000ffa00000)
 ParOldGen       total 104960K, used 56169K [0x00000000e0000000, 0x00000000e6680000, 0x00000000f5580000)
  object space 104960K, 53% used [0x00000000e0000000,0x00000000e36da758,0x00000000e6680000)
 Metaspace       used 93333K, capacity 101318K, committed 101544K, reserved 1136640K
  class space    used 11003K, capacity 13472K, committed 13488K, reserved 1048576K
Event: 600.403 GC heap after
Heap after GC invocations=34 (full 9):
 PSYoungGen      total 115712K, used 0K [0x00000000f5580000, 0x00000000ffa00000, 0x0000000100000000)
  eden space 114176K, 0% used [0x00000000f5580000,0x00000000f5580000,0x00000000fc500000)
  from space 1536K, 0% used [0x00000000fc500000,0x00000000fc500000,0x00000000fc680000)
  to   space 27136K, 0% used [0x00000000fdf80000,0x00000000fdf80000,0x00000000ffa00000)
 ParOldGen       total 104960K, used 55178K [0x00000000e0000000, 0x00000000e6680000, 0x00000000f5580000)
  object space 104960K, 52% used [0x00000000e0000000,0x00000000e35e28a8,0x00000000e6680000)
 Metaspace       used 93329K, capacity 101312K, committed 101544K, reserved 1136640K
  class space    used 11003K, capacity 13471K, committed 13488K, reserved 1048576K
}
Event: 660.034 GC heap before
{Heap before GC invocations=35 (full 9):
 PSYoungGen      total 115712K, used 57387K [0x00000000f5580000, 0x00000000ffa00000, 0x0000000100000000)
  eden space 114176K, 50% used [0x00000000f5580000,0x00000000f8d8ad18,0x00000000fc500000)
  from space 1536K, 0% used [0x00000000fc500000,0x00000000fc500000,0x00000000fc680000)
  to   space 27136K, 0% used [0x00000000fdf80000,0x00000000fdf80000,0x00000000ffa00000)
 ParOldGen       total 104960K, used 55178K [0x00000000e0000000, 0x00000000e6680000, 0x00000000f5580000)
  object space 104960K, 52% used [0x00000000e0000000,0x00000000e35e28a8,0x00000000e6680000)
 Metaspace       used 93516K, capacity 101452K, committed 101800K, reserved 1138688K
  class space    used 11004K, capacity 13473K, committed 13488K, reserved 1048576K
Event: 660.042 GC heap after
Heap after GC invocations=35 (full 9):
 PSYoungGen      total 139264K, used 2391K [0x00000000f5580000, 0x00000000ff800000, 0x0000000100000000)
  eden space 114176K, 0% used [0x00000000f5580000,0x00000000f5580000,0x00000000fc500000)
  from space 25088K, 9% used [0x00000000fdf80000,0x00000000fe1d5c70,0x00000000ff800000)
  to   space 26112K, 0% used [0x00000000fc500000,0x00000000fc500000,0x00000000fde80000)
 ParOldGen       total 104960K, used 55186K [0x00000000e0000000, 0x00000000e6680000, 0x00000000f5580000)
  object space 104960K, 52% used [0x00000000e0000000,0x00000000e35e48a8,0x00000000e6680000)
 Metaspace       used 93516K, capacity 101452K, committed 101800K, reserved 1138688K
  class space    used 11004K, capacity 13473K, committed 13488K, reserved 1048576K
}
Event: 660.042 GC heap before
{Heap before GC invocations=36 (full 10):
 PSYoungGen      total 139264K, used 2391K [0x00000000f5580000, 0x00000000ff800000, 0x0000000100000000)
  eden space 114176K, 0% used [0x00000000f5580000,0x00000000f5580000,0x00000000fc500000)
  from space 25088K, 9% used [0x00000000fdf80000,0x00000000fe1d5c70,0x00000000ff800000)
  to   space 26112K, 0% used [0x00000000fc500000,0x00000000fc500000,0x00000000fde80000)
 ParOldGen       total 104960K, used 55186K [0x00000000e0000000, 0x00000000e6680000, 0x00000000f5580000)
  object space 104960K, 52% used [0x00000000e0000000,0x00000000e35e48a8,0x00000000e6680000)
 Metaspace       used 93516K, capacity 101452K, committed 101800K, reserved 1138688K
  class space    used 11004K, capacity 13473K, committed 13488K, reserved 1048576K
Event: 660.372 GC heap after
Heap after GC invocations=36 (full 10):
 PSYoungGen      total 139264K, used 0K [0x00000000f5580000, 0x00000000ff800000, 0x0000000100000000)
  eden space 114176K, 0% used [0x00000000f5580000,0x00000000f5580000,0x00000000fc500000)
  from space 25088K, 0% used [0x00000000fdf80000,0x00000000fdf80000,0x00000000ff800000)
  to   space 26112K, 0% used [0x00000000fc500000,0x00000000fc500000,0x00000000fde80000)
 ParOldGen       total 104960K, used 55037K [0x00000000e0000000, 0x00000000e6680000, 0x00000000f5580000)
  object space 104960K, 52% used [0x00000000e0000000,0x00000000e35bf738,0x00000000e6680000)
 Metaspace       used 93516K, capacity 101452K, committed 101800K, reserved 1138688K
  class space    used 11004K, capacity 13473K, committed 13488K, reserved 1048576K
}
Event: 720.044 GC heap before
{Heap before GC invocations=37 (full 10):
 PSYoungGen      total 139264K, used 2394K [0x00000000f5580000, 0x00000000ff800000, 0x0000000100000000)
  eden space 114176K, 2% used [0x00000000f5580000,0x00000000f57d6848,0x00000000fc500000)
  from space 25088K, 0% used [0x00000000fdf80000,0x00000000fdf80000,0x00000000ff800000)
  to   space 26112K, 0% used [0x00000000fc500000,0x00000000fc500000,0x00000000fde80000)
 ParOldGen       total 104960K, used 55037K [0x00000000e0000000, 0x00000000e6680000, 0x00000000f5580000)
  object space 104960K, 52% used [0x00000000e0000000,0x00000000e35bf738,0x00000000e6680000)
 Metaspace       used 93525K, capacity 101452K, committed 101800K, reserved 1138688K
  class space    used 11004K, capacity 13473K, committed 13488K, reserved 1048576K
Event: 720.049 GC heap after
Heap after GC invocations=37 (full 10):
 PSYoungGen      total 114688K, used 192K [0x00000000f5580000, 0x00000000ff700000, 0x0000000100000000)
  eden space 114176K, 0% used [0x00000000f5580000,0x00000000f5580000,0x00000000fc500000)
  from space 512K, 37% used [0x00000000fc500000,0x00000000fc530000,0x00000000fc580000)
  to   space 25600K, 0% used [0x00000000fde00000,0x00000000fde00000,0x00000000ff700000)
 ParOldGen       total 104960K, used 55045K [0x00000000e0000000, 0x00000000e6680000, 0x00000000f5580000)
  object space 104960K, 52% used [0x00000000e0000000,0x00000000e35c1738,0x00000000e6680000)
 Metaspace       used 93525K, capacity 101452K, committed 101800K, reserved 1138688K
  class space    used 11004K, capacity 13473K, committed 13488K, reserved 1048576K
}
Event: 720.049 GC heap before
{Heap before GC invocations=38 (full 11):
 PSYoungGen      total 114688K, used 192K [0x00000000f5580000, 0x00000000ff700000, 0x0000000100000000)
  eden space 114176K, 0% used [0x00000000f5580000,0x00000000f5580000,0x00000000fc500000)
  from space 512K, 37% used [0x00000000fc500000,0x00000000fc530000,0x00000000fc580000)
  to   space 25600K, 0% used [0x00000000fde00000,0x00000000fde00000,0x00000000ff700000)
 ParOldGen       total 104960K, used 55045K [0x00000000e0000000, 0x00000000e6680000, 0x00000000f5580000)
  object space 104960K, 52% used [0x00000000e0000000,0x00000000e35c1738,0x00000000e6680000)
 Metaspace       used 93525K, capacity 101452K, committed 101800K, reserved 1138688K
  class space    used 11004K, capacity 13473K, committed 13488K, reserved 1048576K
Event: 720.278 GC heap after
Heap after GC invocations=38 (full 11):
 PSYoungGen      total 114688K, used 0K [0x00000000f5580000, 0x00000000ff700000, 0x0000000100000000)
  eden space 114176K, 0% used [0x00000000f5580000,0x00000000f5580000,0x00000000fc500000)
  from space 512K, 0% used [0x00000000fc500000,0x00000000fc500000,0x00000000fc580000)
  to   space 25600K, 0% used [0x00000000fde00000,0x00000000fde00000,0x00000000ff700000)
 ParOldGen       total 104960K, used 54543K [0x00000000e0000000, 0x00000000e6680000, 0x00000000f5580000)
  object space 104960K, 51% used [0x00000000e0000000,0x00000000e3543e60,0x00000000e6680000)
 Metaspace       used 93525K, capacity 101452K, committed 101800K, reserved 1138688K
  class space    used 11004K, capacity 13473K, committed 13488K, reserved 1048576K
}

