# JRE version: Java(TM) SE Runtime Environment (8.0_66-b18) (build 1.8.0_66-b18)
# Java VM: Java HotSpot(TM) 64-Bit Server VM (25.66-b18 mixed mode windows-amd64 compressed oops)
Heap:
 PSYoungGen      total 115200K, used 23499K [0x00000000f5580000, 0x00000000fe900000, 0x0000000100000000)
  eden space 88064K, 18% used [0x00000000f5580000,0x00000000f6572128,0x00000000fab80000)
  from space 27136K, 26% used [0x00000000fab80000,0x00000000fb280d60,0x00000000fc600000)
  to   space 26624K, 0% used [0x00000000fcf00000,0x00000000fcf00000,0x00000000fe900000)
 ParOldGen       total 111104K, used 60690K [0x00000000e0000000, 0x00000000e6c80000, 0x00000000f5580000)
  object space 111104K, 54% used [0x00000000e0000000,0x00000000e3b44a10,0x00000000e6c80000)
 Metaspace       used 89603K, capacity 97056K, committed 97280K, reserved 1132544K
  class space    used 11008K, capacity 13500K, committed 13568K, reserved 1048576K
GC Heap History (10 events):
Event: 65.987 GC heap before
{Heap before GC invocations=16 (full 4):
 PSYoungGen      total 110592K, used 22987K [0x00000000f5580000, 0x00000000fe280000, 0x0000000100000000)
  eden space 84480K, 0% used [0x00000000f5580000,0x00000000f5580000,0x00000000fa800000)
  from space 26112K, 88% used [0x00000000fc400000,0x00000000fda72f68,0x00000000fdd80000)
  to   space 28672K, 0% used [0x00000000fa800000,0x00000000fa800000,0x00000000fc400000)
 ParOldGen       total 111104K, used 42260K [0x00000000e0000000, 0x00000000e6c80000, 0x00000000f5580000)
  object space 111104K, 38% used [0x00000000e0000000,0x00000000e29450f8,0x00000000e6c80000)
 Metaspace       used 77030K, capacity 83768K, committed 84096K, reserved 1122304K
  class space    used 9373K, capacity 11551K, committed 11648K, reserved 1048576K
Event: 66.295 GC heap after
Heap after GC invocations=16 (full 4):
 PSYoungGen      total 110592K, used 0K [0x00000000f5580000, 0x00000000fe280000, 0x0000000100000000)
  eden space 84480K, 0% used [0x00000000f5580000,0x00000000f5580000,0x00000000fa800000)
  from space 26112K, 0% used [0x00000000fc400000,0x00000000fc400000,0x00000000fdd80000)
  to   space 28672K, 0% used [0x00000000fa800000,0x00000000fa800000,0x00000000fc400000)
 ParOldGen       total 111104K, used 57029K [0x00000000e0000000, 0x00000000e6c80000, 0x00000000f5580000)
  object space 111104K, 51% used [0x00000000e0000000,0x00000000e37b1610,0x00000000e6c80000)
 Metaspace       used 77030K, capacity 83768K, committed 84096K, reserved 1122304K
  class space    used 9373K, capacity 11551K, committed 11648K, reserved 1048576K
}
Event: 125.954 GC heap before
{Heap before GC invocations=17 (full 4):
 PSYoungGen      total 110592K, used 81801K [0x00000000f5580000, 0x00000000fe280000, 0x0000000100000000)
  eden space 84480K, 96% used [0x00000000f5580000,0x00000000fa562500,0x00000000fa800000)
  from space 26112K, 0% used [0x00000000fc400000,0x00000000fc400000,0x00000000fdd80000)
  to   space 28672K, 0% used [0x00000000fa800000,0x00000000fa800000,0x00000000fc400000)
 ParOldGen       total 111104K, used 57029K [0x00000000e0000000, 0x00000000e6c80000, 0x00000000f5580000)
  object space 111104K, 51% used [0x00000000e0000000,0x00000000e37b1610,0x00000000e6c80000)
 Metaspace       used 81701K, capacity 89020K, committed 89216K, reserved 1126400K
  class space    used 9986K, capacity 12339K, committed 12416K, reserved 1048576K
Event: 125.963 GC heap after
Heap after GC invocations=17 (full 4):
 PSYoungGen      total 113152K, used 6764K [0x00000000f5580000, 0x00000000fe180000, 0x0000000100000000)
  eden space 84480K, 0% used [0x00000000f5580000,0x00000000f5580000,0x00000000fa800000)
  from space 28672K, 23% used [0x00000000fa800000,0x00000000fae9b190,0x00000000fc400000)
  to   space 28160K, 0% used [0x00000000fc600000,0x00000000fc600000,0x00000000fe180000)
 ParOldGen       total 111104K, used 57037K [0x00000000e0000000, 0x00000000e6c80000, 0x00000000f5580000)
  object space 111104K, 51% used [0x00000000e0000000,0x00000000e37b3610,0x00000000e6c80000)
 Metaspace       used 81701K, capacity 89020K, committed 89216K, reserved 1126400K
  class space    used 9986K, capacity 12339K, committed 12416K, reserved 1048576K
}
Event: 125.963 GC heap before
{Heap before GC invocations=18 (full 5):
 PSYoungGen      total 113152K, used 6764K [0x00000000f5580000, 0x00000000fe180000, 0x0000000100000000)
  eden space 84480K, 0% used [0x00000000f5580000,0x00000000f5580000,0x00000000fa800000)
  from space 28672K, 23% used [0x00000000fa800000,0x00000000fae9b190,0x00000000fc400000)
  to   space 28160K, 0% used [0x00000000fc600000,0x00000000fc600000,0x00000000fe180000)
 ParOldGen       total 111104K, used 57037K [0x00000000e0000000, 0x00000000e6c80000, 0x00000000f5580000)
  object space 111104K, 51% used [0x00000000e0000000,0x00000000e37b3610,0x00000000e6c80000)
 Metaspace       used 81701K, capacity 89020K, committed 89216K, reserved 1126400K
  class space    used 9986K, capacity 12339K, committed 12416K, reserved 1048576K
Event: 126.338 GC heap after
Heap after GC invocations=18 (full 5):
 PSYoungGen      total 113152K, used 0K [0x00000000f5580000, 0x00000000fe180000, 0x0000000100000000)
  eden space 84480K, 0% used [0x00000000f5580000,0x00000000f5580000,0x00000000fa800000)
  from space 28672K, 0% used [0x00000000fa800000,0x00000000fa800000,0x00000000fc400000)
  to   space 28160K, 0% used [0x00000000fc600000,0x00000000fc600000,0x00000000fe180000)
 ParOldGen       total 111104K, used 60543K [0x00000000e0000000, 0x00000000e6c80000, 0x00000000f5580000)
  object space 111104K, 54% used [0x00000000e0000000,0x00000000e3b1ff58,0x00000000e6c80000)
 Metaspace       used 81701K, capacity 89020K, committed 89216K, reserved 1126400K
  class space    used 9986K, capacity 12339K, committed 12416K, reserved 1048576K
}
Event: 163.901 GC heap before
{Heap before GC invocations=19 (full 5):
 PSYoungGen      total 113152K, used 84480K [0x00000000f5580000, 0x00000000fe180000, 0x0000000100000000)
  eden space 84480K, 100% used [0x00000000f5580000,0x00000000fa800000,0x00000000fa800000)
  from space 28672K, 0% used [0x00000000fa800000,0x00000000fa800000,0x00000000fc400000)
  to   space 28160K, 0% used [0x00000000fc600000,0x00000000fc600000,0x00000000fe180000)
 ParOldGen       total 111104K, used 60672K [0x00000000e0000000, 0x00000000e6c80000, 0x00000000f5580000)
  object space 111104K, 54% used [0x00000000e0000000,0x00000000e3b40090,0x00000000e6c80000)
 Metaspace       used 88240K, capacity 95786K, committed 96128K, reserved 1132544K
  class space    used 10901K, capacity 13335K, committed 13440K, reserved 1048576K
Event: 163.923 GC heap after
Heap after GC invocations=19 (full 5):
 PSYoungGen      total 116224K, used 12429K [0x00000000f5580000, 0x00000000fe800000, 0x0000000100000000)
  eden space 88064K, 0% used [0x00000000f5580000,0x00000000f5580000,0x00000000fab80000)
  from space 28160K, 44% used [0x00000000fc600000,0x00000000fd223430,0x00000000fe180000)
  to   space 27136K, 0% used [0x00000000fab80000,0x00000000fab80000,0x00000000fc600000)
 ParOldGen       total 111104K, used 60680K [0x00000000e0000000, 0x00000000e6c80000, 0x00000000f5580000)
  object space 111104K, 54% used [0x00000000e0000000,0x00000000e3b42090,0x00000000e6c80000)
 Metaspace       used 88240K, capacity 95786K, committed 96128K, reserved 1132544K
  class space    used 10901K, capacity 13335K, committed 13440K, reserved 1048576K
}
Event: 181.610 GC heap before
{Heap before GC invocations=20 (full 5):
 PSYoungGen      total 116224K, used 100493K [0x00000000f5580000, 0x00000000fe800000, 0x0000000100000000)
  eden space 88064K, 100% used [0x00000000f5580000,0x00000000fab80000,0x00000000fab80000)
  from space 28160K, 44% used [0x00000000fc600000,0x00000000fd223430,0x00000000fe180000)
  to   space 27136K, 0% used [0x00000000fab80000,0x00000000fab80000,0x00000000fc600000)
 ParOldGen       total 111104K, used 60682K [0x00000000e0000000, 0x00000000e6c80000, 0x00000000f5580000)
  object space 111104K, 54% used [0x00000000e0000000,0x00000000e3b42a10,0x00000000e6c80000)
 Metaspace       used 88900K, capacity 96312K, committed 96384K, reserved 1132544K
  class space    used 10940K, capacity 13404K, committed 13440K, reserved 1048576K
Event: 181.620 GC heap after
Heap after GC invocations=20 (full 5):
 PSYoungGen      total 115200K, used 7171K [0x00000000f5580000, 0x00000000fe900000, 0x0000000100000000)
  eden space 88064K, 0% used [0x00000000f5580000,0x00000000f5580000,0x00000000fab80000)
  from space 27136K, 26% used [0x00000000fab80000,0x00000000fb280d60,0x00000000fc600000)
  to   space 26624K, 0% used [0x00000000fcf00000,0x00000000fcf00000,0x00000000fe900000)
 ParOldGen       total 111104K, used 60690K [0x00000000e0000000, 0x00000000e6c80000, 0x00000000f5580000)
  object space 111104K, 54% used [0x00000000e0000000,0x00000000e3b44a10,0x00000000e6c80000)
 Metaspace       used 88900K, capacity 96312K, committed 96384K, reserved 1132544K
  class space    used 10940K, capacity 13404K, committed 13440K, reserved 1048576K
}

