# JRE version: Java(TM) SE Runtime Environment (8.0_66-b18) (build 1.8.0_66-b18)
# Java VM: Java HotSpot(TM) 64-Bit Server VM (25.66-b18 mixed mode windows-amd64 compressed oops)
Heap:
 PSYoungGen      total 113152K, used 48899K [0x00000000f5580000, 0x00000000fdb80000, 0x0000000100000000)
  eden space 91136K, 53% used [0x00000000f5580000,0x00000000f8540f50,0x00000000fae80000)
  from space 22016K, 0% used [0x00000000fc600000,0x00000000fc600000,0x00000000fdb80000)
  to   space 23040K, 0% used [0x00000000fae80000,0x00000000fae80000,0x00000000fc500000)
 ParOldGen       total 113152K, used 55345K [0x00000000e0000000, 0x00000000e6e80000, 0x00000000f5580000)
  object space 113152K, 48% used [0x00000000e0000000,0x00000000e360c6f8,0x00000000e6e80000)
 Metaspace       used 93656K, capacity 101294K, committed 101400K, reserved 1136640K
  class space    used 11064K, capacity 13567K, committed 13616K, reserved 1048576K
GC Heap History (10 events):
Event: 817.882 GC heap before
{Heap before GC invocations=44 (full 14):
 PSYoungGen      total 114688K, used 480K [0x00000000f5580000, 0x00000000fdf80000, 0x0000000100000000)
  eden space 91136K, 0% used [0x00000000f5580000,0x00000000f5580000,0x00000000fae80000)
  from space 23552K, 2% used [0x00000000fc880000,0x00000000fc8f8000,0x00000000fdf80000)
  to   space 25088K, 0% used [0x00000000fae80000,0x00000000fae80000,0x00000000fc700000)
 ParOldGen       total 113152K, used 56246K [0x00000000e0000000, 0x00000000e6e80000, 0x00000000f5580000)
  object space 113152K, 49% used [0x00000000e0000000,0x00000000e36edb38,0x00000000e6e80000)
 Metaspace       used 92592K, capacity 100308K, committed 100504K, reserved 1136640K
  class space    used 10945K, capacity 13436K, committed 13488K, reserved 1048576K
Event: 818.079 GC heap after
Heap after GC invocations=44 (full 14):
 PSYoungGen      total 114688K, used 0K [0x00000000f5580000, 0x00000000fdf80000, 0x0000000100000000)
  eden space 91136K, 0% used [0x00000000f5580000,0x00000000f5580000,0x00000000fae80000)
  from space 23552K, 0% used [0x00000000fc880000,0x00000000fc880000,0x00000000fdf80000)
  to   space 25088K, 0% used [0x00000000fae80000,0x00000000fae80000,0x00000000fc700000)
 ParOldGen       total 113152K, used 56039K [0x00000000e0000000, 0x00000000e6e80000, 0x00000000f5580000)
  object space 113152K, 49% used [0x00000000e0000000,0x00000000e36b9da0,0x00000000e6e80000)
 Metaspace       used 92592K, capacity 100308K, committed 100504K, reserved 1136640K
  class space    used 10945K, capacity 13436K, committed 13488K, reserved 1048576K
}
Event: 877.897 GC heap before
{Heap before GC invocations=45 (full 14):
 PSYoungGen      total 114688K, used 25681K [0x00000000f5580000, 0x00000000fdf80000, 0x0000000100000000)
  eden space 91136K, 28% used [0x00000000f5580000,0x00000000f6e944b0,0x00000000fae80000)
  from space 23552K, 0% used [0x00000000fc880000,0x00000000fc880000,0x00000000fdf80000)
  to   space 25088K, 0% used [0x00000000fae80000,0x00000000fae80000,0x00000000fc700000)
 ParOldGen       total 113152K, used 56039K [0x00000000e0000000, 0x00000000e6e80000, 0x00000000f5580000)
  object space 113152K, 49% used [0x00000000e0000000,0x00000000e36b9da0,0x00000000e6e80000)
 Metaspace       used 92673K, capacity 100372K, committed 100504K, reserved 1136640K
  class space    used 10951K, capacity 13436K, committed 13488K, reserved 1048576K
Event: 877.903 GC heap after
Heap after GC invocations=45 (full 14):
 PSYoungGen      total 92672K, used 1024K [0x00000000f5580000, 0x00000000fdd80000, 0x0000000100000000)
  eden space 91136K, 0% used [0x00000000f5580000,0x00000000f5580000,0x00000000fae80000)
  from space 1536K, 66% used [0x00000000fae80000,0x00000000faf80250,0x00000000fb000000)
  to   space 24064K, 0% used [0x00000000fc600000,0x00000000fc600000,0x00000000fdd80000)
 ParOldGen       total 113152K, used 56047K [0x00000000e0000000, 0x00000000e6e80000, 0x00000000f5580000)
  object space 113152K, 49% used [0x00000000e0000000,0x00000000e36bbda0,0x00000000e6e80000)
 Metaspace       used 92673K, capacity 100372K, committed 100504K, reserved 1136640K
  class space    used 10951K, capacity 13436K, committed 13488K, reserved 1048576K
}
Event: 877.903 GC heap before
{Heap before GC invocations=46 (full 15):
 PSYoungGen      total 92672K, used 1024K [0x00000000f5580000, 0x00000000fdd80000, 0x0000000100000000)
  eden space 91136K, 0% used [0x00000000f5580000,0x00000000f5580000,0x00000000fae80000)
  from space 1536K, 66% used [0x00000000fae80000,0x00000000faf80250,0x00000000fb000000)
  to   space 24064K, 0% used [0x00000000fc600000,0x00000000fc600000,0x00000000fdd80000)
 ParOldGen       total 113152K, used 56047K [0x00000000e0000000, 0x00000000e6e80000, 0x00000000f5580000)
  object space 113152K, 49% used [0x00000000e0000000,0x00000000e36bbda0,0x00000000e6e80000)
 Metaspace       used 92673K, capacity 100372K, committed 100504K, reserved 1136640K
  class space    used 10951K, capacity 13436K, committed 13488K, reserved 1048576K
Event: 878.101 GC heap after
Heap after GC invocations=46 (full 15):
 PSYoungGen      total 92672K, used 0K [0x00000000f5580000, 0x00000000fdd80000, 0x0000000100000000)
  eden space 91136K, 0% used [0x00000000f5580000,0x00000000f5580000,0x00000000fae80000)
  from space 1536K, 0% used [0x00000000fae80000,0x00000000fae80000,0x00000000fb000000)
  to   space 24064K, 0% used [0x00000000fc600000,0x00000000fc600000,0x00000000fdd80000)
 ParOldGen       total 113152K, used 55539K [0x00000000e0000000, 0x00000000e6e80000, 0x00000000f5580000)
  object space 113152K, 49% used [0x00000000e0000000,0x00000000e363cd20,0x00000000e6e80000)
 Metaspace       used 92673K, capacity 100372K, committed 100504K, reserved 1136640K
  class space    used 10951K, capacity 13436K, committed 13488K, reserved 1048576K
}
Event: 944.648 GC heap before
{Heap before GC invocations=47 (full 15):
 PSYoungGen      total 92672K, used 4669K [0x00000000f5580000, 0x00000000fdd80000, 0x0000000100000000)
  eden space 91136K, 5% used [0x00000000f5580000,0x00000000f5a0f5e8,0x00000000fae80000)
  from space 1536K, 0% used [0x00000000fae80000,0x00000000fae80000,0x00000000fb000000)
  to   space 24064K, 0% used [0x00000000fc600000,0x00000000fc600000,0x00000000fdd80000)
 ParOldGen       total 113152K, used 55539K [0x00000000e0000000, 0x00000000e6e80000, 0x00000000f5580000)
  object space 113152K, 49% used [0x00000000e0000000,0x00000000e363cd20,0x00000000e6e80000)
 Metaspace       used 92679K, capacity 100372K, committed 100504K, reserved 1136640K
  class space    used 10951K, capacity 13436K, committed 13488K, reserved 1048576K
Event: 944.652 GC heap after
Heap after GC invocations=47 (full 15):
 PSYoungGen      total 113152K, used 192K [0x00000000f5580000, 0x00000000fdb80000, 0x0000000100000000)
  eden space 91136K, 0% used [0x00000000f5580000,0x00000000f5580000,0x00000000fae80000)
  from space 22016K, 0% used [0x00000000fc600000,0x00000000fc630000,0x00000000fdb80000)
  to   space 23040K, 0% used [0x00000000fae80000,0x00000000fae80000,0x00000000fc500000)
 ParOldGen       total 113152K, used 55539K [0x00000000e0000000, 0x00000000e6e80000, 0x00000000f5580000)
  object space 113152K, 49% used [0x00000000e0000000,0x00000000e363cd20,0x00000000e6e80000)
 Metaspace       used 92679K, capacity 100372K, committed 100504K, reserved 1136640K
  class space    used 10951K, capacity 13436K, committed 13488K, reserved 1048576K
}
Event: 944.653 GC heap before
{Heap before GC invocations=48 (full 16):
 PSYoungGen      total 113152K, used 192K [0x00000000f5580000, 0x00000000fdb80000, 0x0000000100000000)
  eden space 91136K, 0% used [0x00000000f5580000,0x00000000f5580000,0x00000000fae80000)
  from space 22016K, 0% used [0x00000000fc600000,0x00000000fc630000,0x00000000fdb80000)
  to   space 23040K, 0% used [0x00000000fae80000,0x00000000fae80000,0x00000000fc500000)
 ParOldGen       total 113152K, used 55539K [0x00000000e0000000, 0x00000000e6e80000, 0x00000000f5580000)
  object space 113152K, 49% used [0x00000000e0000000,0x00000000e363cd20,0x00000000e6e80000)
 Metaspace       used 92679K, capacity 100372K, committed 100504K, reserved 1136640K
  class space    used 10951K, capacity 13436K, committed 13488K, reserved 1048576K
Event: 944.870 GC heap after
Heap after GC invocations=48 (full 16):
 PSYoungGen      total 113152K, used 0K [0x00000000f5580000, 0x00000000fdb80000, 0x0000000100000000)
  eden space 91136K, 0% used [0x00000000f5580000,0x00000000f5580000,0x00000000fae80000)
  from space 22016K, 0% used [0x00000000fc600000,0x00000000fc600000,0x00000000fdb80000)
  to   space 23040K, 0% used [0x00000000fae80000,0x00000000fae80000,0x00000000fc500000)
 ParOldGen       total 113152K, used 55345K [0x00000000e0000000, 0x00000000e6e80000, 0x00000000f5580000)
  object space 113152K, 48% used [0x00000000e0000000,0x00000000e360c6f8,0x00000000e6e80000)
 Metaspace       used 92679K, capacity 100372K, committed 100504K, reserved 1136640K
  class space    used 10951K, capacity 13436K, committed 13488K, reserved 1048576K
}

